{"C:\\projects\\ntt data\\BC56-FRONTEND-REACT\\src\\__test__\\utils\\mockFetch.ts": {"path":"C:\\projects\\ntt data\\BC56-FRONTEND-REACT\\src\\__test__\\utils\\mockFetch.ts","statementMap":{"0":{"start":{"line":1,"column":25},"end":{"line":13,"column":1}},"1":{"start":{"line":2,"column":15},"end":{"line":9,"column":6}},"2":{"start":{"line":3,"column":25},"end":{"line":7,"column":null}},"3":{"start":{"line":4,"column":24},"end":{"line":4,"column":45}},"4":{"start":{"line":8,"column":8},"end":{"line":8,"column":null}},"5":{"start":{"line":11,"column":4},"end":{"line":11,"column":null}},"6":{"start":{"line":12,"column":4},"end":{"line":12,"column":null}},"7":{"start":{"line":1,"column":13},"end":{"line":1,"column":25}}},"fnMap":{"0":{"name":"(anonymous_0)","decl":{"start":{"line":1,"column":25},"end":{"line":1,"column":26}},"loc":{"start":{"line":1,"column":79},"end":{"line":13,"column":1}}},"1":{"name":"(anonymous_1)","decl":{"start":{"line":2,"column":48},"end":{"line":2,"column":51}},"loc":{"start":{"line":2,"column":53},"end":{"line":9,"column":5}}},"2":{"name":"(anonymous_2)","decl":{"start":{"line":4,"column":18},"end":{"line":4,"column":21}},"loc":{"start":{"line":4,"column":24},"end":{"line":4,"column":45}}}},"branchMap":{"0":{"loc":{"start":{"line":1,"column":41},"end":{"line":1,"column":53}},"type":"default-arg","locations":[{"start":{"line":1,"column":50},"end":{"line":1,"column":53}}]},"1":{"loc":{"start":{"line":1,"column":55},"end":{"line":1,"column":64}},"type":"default-arg","locations":[{"start":{"line":1,"column":60},"end":{"line":1,"column":64}}]}},"s":{"0":1,"1":2,"2":2,"3":2,"4":2,"5":2,"6":2,"7":1},"f":{"0":2,"1":2,"2":2},"b":{"0":[2],"1":[2]}}
,"C:\\projects\\ntt data\\BC56-FRONTEND-REACT\\src\\__test__\\utils\\render.tsx": {"path":"C:\\projects\\ntt data\\BC56-FRONTEND-REACT\\src\\__test__\\utils\\render.tsx","statementMap":{"0":{"start":{"line":1,"column":0},"end":{"line":1,"column":47}},"1":{"start":{"line":2,"column":0},"end":{"line":2,"column":67}},"2":{"start":{"line":3,"column":0},"end":{"line":3,"column":51}},"3":{"start":{"line":5,"column":22},"end":{"line":18,"column":1}},"4":{"start":{"line":6,"column":4},"end":{"line":17,"column":null}},"5":{"start":{"line":7,"column":8},"end":{"line":16,"column":null}},"6":{"start":{"line":8,"column":34},"end":{"line":13,"column":null}},"7":{"start":{"line":15,"column":12},"end":{"line":15,"column":null}},"8":{"start":{"line":5,"column":13},"end":{"line":5,"column":22}}},"fnMap":{"0":{"name":"(anonymous_0)","decl":{"start":{"line":5,"column":22},"end":{"line":5,"column":23}},"loc":{"start":{"line":5,"column":76},"end":{"line":18,"column":1}}},"1":{"name":"(anonymous_1)","decl":{"start":{"line":6,"column":20},"end":{"line":6,"column":25}},"loc":{"start":{"line":6,"column":31},"end":{"line":17,"column":5}}},"2":{"name":"(anonymous_2)","decl":{"start":{"line":7,"column":18},"end":{"line":7,"column":23}},"loc":{"start":{"line":7,"column":29},"end":{"line":16,"column":9}}}},"branchMap":{},"s":{"0":1,"1":1,"2":1,"3":1,"4":9,"5":9,"6":9,"7":9,"8":1},"f":{"0":9,"1":9,"2":9},"b":{}}
,"C:\\projects\\ntt data\\BC56-FRONTEND-REACT\\src\\assets\\icons\\add-outline.svg": {"path":"C:\\projects\\ntt data\\BC56-FRONTEND-REACT\\src\\assets\\icons\\add-outline.svg","statementMap":{"0":{"start":{"line":1,"column":0},"end":{"line":1,"column":19}}},"fnMap":{},"branchMap":{},"s":{"0":1},"f":{},"b":{},"_coverageSchema":"1a1c01bbd47fc00a2c39e90264f33305004495a9","hash":"3ccac486e03aefc4cc20b280955589ea99f4e1b2"}
,"C:\\projects\\ntt data\\BC56-FRONTEND-REACT\\src\\assets\\icons\\cart-outline.svg": {"path":"C:\\projects\\ntt data\\BC56-FRONTEND-REACT\\src\\assets\\icons\\cart-outline.svg","statementMap":{"0":{"start":{"line":1,"column":0},"end":{"line":1,"column":19}}},"fnMap":{},"branchMap":{},"s":{"0":1},"f":{},"b":{},"_coverageSchema":"1a1c01bbd47fc00a2c39e90264f33305004495a9","hash":"d4bae642ebf54019d34d79a58b290597203d3bd9"}
,"C:\\projects\\ntt data\\BC56-FRONTEND-REACT\\src\\assets\\icons\\close-outline.svg": {"path":"C:\\projects\\ntt data\\BC56-FRONTEND-REACT\\src\\assets\\icons\\close-outline.svg","statementMap":{"0":{"start":{"line":1,"column":0},"end":{"line":1,"column":19}}},"fnMap":{},"branchMap":{},"s":{"0":1},"f":{},"b":{},"_coverageSchema":"1a1c01bbd47fc00a2c39e90264f33305004495a9","hash":"515e70ed9760944292c24dc2ab66bf614ab5dda9"}
,"C:\\projects\\ntt data\\BC56-FRONTEND-REACT\\src\\assets\\icons\\down.svg": {"path":"C:\\projects\\ntt data\\BC56-FRONTEND-REACT\\src\\assets\\icons\\down.svg","statementMap":{"0":{"start":{"line":1,"column":0},"end":{"line":1,"column":19}}},"fnMap":{},"branchMap":{},"s":{"0":1},"f":{},"b":{},"_coverageSchema":"1a1c01bbd47fc00a2c39e90264f33305004495a9","hash":"765dfdd1d0cffa0ea48fcc28a24c0384bc5ce451"}
,"C:\\projects\\ntt data\\BC56-FRONTEND-REACT\\src\\assets\\icons\\logo-instagram.svg": {"path":"C:\\projects\\ntt data\\BC56-FRONTEND-REACT\\src\\assets\\icons\\logo-instagram.svg","statementMap":{"0":{"start":{"line":1,"column":0},"end":{"line":1,"column":19}}},"fnMap":{},"branchMap":{},"s":{"0":1},"f":{},"b":{},"_coverageSchema":"1a1c01bbd47fc00a2c39e90264f33305004495a9","hash":"9529d5d68800b48205ff4ded4dc88f91271931d0"}
,"C:\\projects\\ntt data\\BC56-FRONTEND-REACT\\src\\assets\\icons\\logo-tiktok.svg": {"path":"C:\\projects\\ntt data\\BC56-FRONTEND-REACT\\src\\assets\\icons\\logo-tiktok.svg","statementMap":{"0":{"start":{"line":1,"column":0},"end":{"line":1,"column":19}}},"fnMap":{},"branchMap":{},"s":{"0":1},"f":{},"b":{},"_coverageSchema":"1a1c01bbd47fc00a2c39e90264f33305004495a9","hash":"755034ff3868031e9e3c3da9fd84e8dd00ad3706"}
,"C:\\projects\\ntt data\\BC56-FRONTEND-REACT\\src\\assets\\icons\\logo-twitter.svg": {"path":"C:\\projects\\ntt data\\BC56-FRONTEND-REACT\\src\\assets\\icons\\logo-twitter.svg","statementMap":{"0":{"start":{"line":1,"column":0},"end":{"line":1,"column":19}}},"fnMap":{},"branchMap":{},"s":{"0":1},"f":{},"b":{},"_coverageSchema":"1a1c01bbd47fc00a2c39e90264f33305004495a9","hash":"1d9c91be8155fc4fa31e01299d2f3fa89e7fb32b"}
,"C:\\projects\\ntt data\\BC56-FRONTEND-REACT\\src\\assets\\icons\\logo-youtube.svg": {"path":"C:\\projects\\ntt data\\BC56-FRONTEND-REACT\\src\\assets\\icons\\logo-youtube.svg","statementMap":{"0":{"start":{"line":1,"column":0},"end":{"line":1,"column":19}}},"fnMap":{},"branchMap":{},"s":{"0":1},"f":{},"b":{},"_coverageSchema":"1a1c01bbd47fc00a2c39e90264f33305004495a9","hash":"3c513fb0dfbc37468c9ea23d0a9e0c344dc04603"}
,"C:\\projects\\ntt data\\BC56-FRONTEND-REACT\\src\\assets\\icons\\person-outline.svg": {"path":"C:\\projects\\ntt data\\BC56-FRONTEND-REACT\\src\\assets\\icons\\person-outline.svg","statementMap":{"0":{"start":{"line":1,"column":0},"end":{"line":1,"column":19}}},"fnMap":{},"branchMap":{},"s":{"0":1},"f":{},"b":{},"_coverageSchema":"1a1c01bbd47fc00a2c39e90264f33305004495a9","hash":"6f2f6917648e83df388482046408d99b49a9dc3b"}
,"C:\\projects\\ntt data\\BC56-FRONTEND-REACT\\src\\assets\\icons\\remove-outline.svg": {"path":"C:\\projects\\ntt data\\BC56-FRONTEND-REACT\\src\\assets\\icons\\remove-outline.svg","statementMap":{"0":{"start":{"line":1,"column":0},"end":{"line":1,"column":19}}},"fnMap":{},"branchMap":{},"s":{"0":1},"f":{},"b":{},"_coverageSchema":"1a1c01bbd47fc00a2c39e90264f33305004495a9","hash":"bc6dda237ff5e20e80d8ef7e8267aa35fc9e4bd3"}
,"C:\\projects\\ntt data\\BC56-FRONTEND-REACT\\src\\assets\\icons\\search-outline.svg": {"path":"C:\\projects\\ntt data\\BC56-FRONTEND-REACT\\src\\assets\\icons\\search-outline.svg","statementMap":{"0":{"start":{"line":1,"column":0},"end":{"line":1,"column":19}}},"fnMap":{},"branchMap":{},"s":{"0":1},"f":{},"b":{},"_coverageSchema":"1a1c01bbd47fc00a2c39e90264f33305004495a9","hash":"1ff3de11c8cdbd04c54f1b5c78bd3ca14b6b984c"}
,"C:\\projects\\ntt data\\BC56-FRONTEND-REACT\\src\\assets\\icons\\success-icon.png": {"path":"C:\\projects\\ntt data\\BC56-FRONTEND-REACT\\src\\assets\\icons\\success-icon.png","statementMap":{"0":{"start":{"line":1,"column":0},"end":{"line":1,"column":19}}},"fnMap":{},"branchMap":{},"s":{"0":1},"f":{},"b":{},"_coverageSchema":"1a1c01bbd47fc00a2c39e90264f33305004495a9","hash":"465d90ead476ed106946c6f6a07d6bc54be36d05"}
,"C:\\projects\\ntt data\\BC56-FRONTEND-REACT\\src\\assets\\icons\\trash-outline.svg": {"path":"C:\\projects\\ntt data\\BC56-FRONTEND-REACT\\src\\assets\\icons\\trash-outline.svg","statementMap":{"0":{"start":{"line":1,"column":0},"end":{"line":1,"column":19}}},"fnMap":{},"branchMap":{},"s":{"0":1},"f":{},"b":{},"_coverageSchema":"1a1c01bbd47fc00a2c39e90264f33305004495a9","hash":"5ecb544c0cbb4ba38586d083ed641bb371c0f9fc"}
,"C:\\projects\\ntt data\\BC56-FRONTEND-REACT\\src\\assets\\icons\\warning-icon.webp": {"path":"C:\\projects\\ntt data\\BC56-FRONTEND-REACT\\src\\assets\\icons\\warning-icon.webp","statementMap":{"0":{"start":{"line":1,"column":0},"end":{"line":1,"column":19}}},"fnMap":{},"branchMap":{},"s":{"0":1},"f":{},"b":{},"_coverageSchema":"1a1c01bbd47fc00a2c39e90264f33305004495a9","hash":"7a35ce44d3c824ee922a1d3595fa7e2eb4d7c237"}
,"C:\\projects\\ntt data\\BC56-FRONTEND-REACT\\src\\assets\\images\\logo.png": {"path":"C:\\projects\\ntt data\\BC56-FRONTEND-REACT\\src\\assets\\images\\logo.png","statementMap":{"0":{"start":{"line":1,"column":0},"end":{"line":1,"column":19}}},"fnMap":{},"branchMap":{},"s":{"0":1},"f":{},"b":{},"_coverageSchema":"1a1c01bbd47fc00a2c39e90264f33305004495a9","hash":"2bcf73866aa315aa617597a997b9848d3295fbe2"}
,"C:\\projects\\ntt data\\BC56-FRONTEND-REACT\\src\\components\\QuantityOptions\\ProductQuantityButton.tsx": {"path":"C:\\projects\\ntt data\\BC56-FRONTEND-REACT\\src\\components\\QuantityOptions\\ProductQuantityButton.tsx","statementMap":{"0":{"start":{"line":2,"column":0},"end":{"line":2,"column":21}},"1":{"start":{"line":4,"column":0},"end":{"line":4,"column":49}},"2":{"start":{"line":5,"column":0},"end":{"line":5,"column":44}},"3":{"start":{"line":7,"column":0},"end":{"line":7,"column":36}},"4":{"start":{"line":14,"column":30},"end":{"line":29,"column":1}},"5":{"start":{"line":15,"column":44},"end":{"line":15,"column":53}},"6":{"start":{"line":16,"column":4},"end":{"line":28,"column":null}},"7":{"start":{"line":20,"column":73},"end":{"line":20,"column":88}},"8":{"start":{"line":23,"column":73},"end":{"line":23,"column":98}},"9":{"start":{"line":31,"column":0},"end":{"line":31,"column":null}}},"fnMap":{"0":{"name":"(anonymous_1)","decl":{"start":{"line":14,"column":30},"end":{"line":14,"column":31}},"loc":{"start":{"line":14,"column":65},"end":{"line":29,"column":1}}},"1":{"name":"(anonymous_2)","decl":{"start":{"line":20,"column":67},"end":{"line":20,"column":70}},"loc":{"start":{"line":20,"column":73},"end":{"line":20,"column":88}}},"2":{"name":"(anonymous_3)","decl":{"start":{"line":23,"column":67},"end":{"line":23,"column":70}},"loc":{"start":{"line":23,"column":73},"end":{"line":23,"column":98}}}},"branchMap":{"0":{"loc":{"start":{"line":19,"column":16},"end":{"line":24,"column":null}},"type":"cond-expr","locations":[{"start":{"line":20,"column":16},"end":{"line":21,"column":null}},{"start":{"line":23,"column":16},"end":{"line":24,"column":null}}]}},"s":{"0":1,"1":1,"2":1,"3":1,"4":1,"5":0,"6":0,"7":0,"8":0,"9":1},"f":{"0":0,"1":0,"2":0},"b":{"0":[0,0]}}
,"C:\\projects\\ntt data\\BC56-FRONTEND-REACT\\src\\components\\QuantityOptions\\QuantityOptions.tsx": {"path":"C:\\projects\\ntt data\\BC56-FRONTEND-REACT\\src\\components\\QuantityOptions\\QuantityOptions.tsx","statementMap":{"0":{"start":{"line":2,"column":0},"end":{"line":2,"column":59}},"1":{"start":{"line":4,"column":24},"end":{"line":19,"column":1}},"2":{"start":{"line":5,"column":4},"end":{"line":18,"column":null}},"3":{"start":{"line":21,"column":0},"end":{"line":21,"column":null}}},"fnMap":{"0":{"name":"(anonymous_1)","decl":{"start":{"line":4,"column":24},"end":{"line":4,"column":25}},"loc":{"start":{"line":4,"column":66},"end":{"line":19,"column":1}}}},"branchMap":{"0":{"loc":{"start":{"line":8,"column":16},"end":{"line":14,"column":null}},"type":"binary-expr","locations":[{"start":{"line":8,"column":16},"end":{"line":8,"column":20}},{"start":{"line":9,"column":16},"end":{"line":14,"column":null}}]}},"s":{"0":1,"1":1,"2":1,"3":1},"f":{"0":1},"b":{"0":[1,0]}}
,"C:\\projects\\ntt data\\BC56-FRONTEND-REACT\\src\\components\\buyForm\\BuyForm.tsx": {"path":"C:\\projects\\ntt data\\BC56-FRONTEND-REACT\\src\\components\\buyForm\\BuyForm.tsx","statementMap":{"0":{"start":{"line":1,"column":0},"end":{"line":1,"column":30}},"1":{"start":{"line":2,"column":0},"end":{"line":2,"column":46}},"2":{"start":{"line":3,"column":0},"end":{"line":3,"column":22}},"3":{"start":{"line":5,"column":0},"end":{"line":5,"column":52}},"4":{"start":{"line":7,"column":0},"end":{"line":7,"column":36}},"5":{"start":{"line":8,"column":0},"end":{"line":8,"column":43}},"6":{"start":{"line":9,"column":0},"end":{"line":9,"column":52}},"7":{"start":{"line":11,"column":0},"end":{"line":11,"column":50}},"8":{"start":{"line":12,"column":0},"end":{"line":12,"column":49}},"9":{"start":{"line":14,"column":16},"end":{"line":97,"column":1}},"10":{"start":{"line":15,"column":20},"end":{"line":15,"column":49}},"11":{"start":{"line":16,"column":26},"end":{"line":16,"column":54}},"12":{"start":{"line":17,"column":28},"end":{"line":17,"column":56}},"13":{"start":{"line":19,"column":26},"end":{"line":19,"column":35}},"14":{"start":{"line":20,"column":21},"end":{"line":20,"column":34}},"15":{"start":{"line":22,"column":20},"end":{"line":37,"column":5}},"16":{"start":{"line":23,"column":8},"end":{"line":23,"column":null}},"17":{"start":{"line":25,"column":8},"end":{"line":36,"column":9}},"18":{"start":{"line":26,"column":29},"end":{"line":26,"column":58}},"19":{"start":{"line":28,"column":25},"end":{"line":28,"column":63}},"20":{"start":{"line":30,"column":12},"end":{"line":35,"column":13}},"21":{"start":{"line":32,"column":16},"end":{"line":32,"column":null}},"22":{"start":{"line":34,"column":16},"end":{"line":34,"column":null}},"23":{"start":{"line":39,"column":24},"end":{"line":43,"column":5}},"24":{"start":{"line":40,"column":8},"end":{"line":42,"column":9}},"25":{"start":{"line":41,"column":12},"end":{"line":41,"column":null}},"26":{"start":{"line":45,"column":27},"end":{"line":48,"column":5}},"27":{"start":{"line":46,"column":8},"end":{"line":46,"column":null}},"28":{"start":{"line":47,"column":8},"end":{"line":47,"column":null}},"29":{"start":{"line":50,"column":4},"end":{"line":96,"column":null}},"30":{"start":{"line":52,"column":126},"end":{"line":52,"column":152}},"31":{"start":{"line":54,"column":16},"end":{"line":54,"column":null}},"32":{"start":{"line":55,"column":16},"end":{"line":55,"column":null}},"33":{"start":{"line":62,"column":62},"end":{"line":62,"column":97}},"34":{"start":{"line":67,"column":58},"end":{"line":67,"column":93}},"35":{"start":{"line":78,"column":45},"end":{"line":78,"column":85}},"36":{"start":{"line":83,"column":45},"end":{"line":83,"column":85}},"37":{"start":{"line":88,"column":45},"end":{"line":88,"column":75}},"38":{"start":{"line":99,"column":0},"end":{"line":99,"column":null}}},"fnMap":{"0":{"name":"(anonymous_1)","decl":{"start":{"line":14,"column":16},"end":{"line":14,"column":19}},"loc":{"start":{"line":14,"column":21},"end":{"line":97,"column":1}}},"1":{"name":"(anonymous_2)","decl":{"start":{"line":22,"column":20},"end":{"line":22,"column":21}},"loc":{"start":{"line":22,"column":43},"end":{"line":37,"column":5}}},"2":{"name":"(anonymous_3)","decl":{"start":{"line":39,"column":24},"end":{"line":39,"column":25}},"loc":{"start":{"line":39,"column":62},"end":{"line":43,"column":5}}},"3":{"name":"(anonymous_4)","decl":{"start":{"line":45,"column":27},"end":{"line":45,"column":30}},"loc":{"start":{"line":45,"column":32},"end":{"line":48,"column":5}}},"4":{"name":"(anonymous_5)","decl":{"start":{"line":52,"column":120},"end":{"line":52,"column":123}},"loc":{"start":{"line":52,"column":126},"end":{"line":52,"column":152}}},"5":{"name":"(anonymous_6)","decl":{"start":{"line":53,"column":107},"end":{"line":53,"column":110}},"loc":{"start":{"line":53,"column":112},"end":{"line":56,"column":13}}},"6":{"name":"(anonymous_7)","decl":{"start":{"line":62,"column":55},"end":{"line":62,"column":56}},"loc":{"start":{"line":62,"column":62},"end":{"line":62,"column":97}}},"7":{"name":"(anonymous_8)","decl":{"start":{"line":67,"column":51},"end":{"line":67,"column":52}},"loc":{"start":{"line":67,"column":58},"end":{"line":67,"column":93}}},"8":{"name":"(anonymous_9)","decl":{"start":{"line":78,"column":38},"end":{"line":78,"column":39}},"loc":{"start":{"line":78,"column":45},"end":{"line":78,"column":85}}},"9":{"name":"(anonymous_10)","decl":{"start":{"line":83,"column":38},"end":{"line":83,"column":39}},"loc":{"start":{"line":83,"column":45},"end":{"line":83,"column":85}}},"10":{"name":"(anonymous_11)","decl":{"start":{"line":88,"column":38},"end":{"line":88,"column":39}},"loc":{"start":{"line":88,"column":45},"end":{"line":88,"column":75}}}},"branchMap":{"0":{"loc":{"start":{"line":25,"column":8},"end":{"line":36,"column":9}},"type":"if","locations":[{"start":{"line":25,"column":8},"end":{"line":36,"column":9}}]},"1":{"loc":{"start":{"line":30,"column":12},"end":{"line":35,"column":13}},"type":"if","locations":[{"start":{"line":30,"column":12},"end":{"line":35,"column":13}},{"start":{"line":33,"column":19},"end":{"line":35,"column":13}}]},"2":{"loc":{"start":{"line":30,"column":15},"end":{"line":31,"column":59}},"type":"binary-expr","locations":[{"start":{"line":30,"column":15},"end":{"line":30,"column":33}},{"start":{"line":30,"column":37},"end":{"line":30,"column":52}},{"start":{"line":30,"column":56},"end":{"line":30,"column":75}},{"start":{"line":31,"column":19},"end":{"line":31,"column":35}},{"start":{"line":31,"column":39},"end":{"line":31,"column":59}}]},"3":{"loc":{"start":{"line":40,"column":8},"end":{"line":42,"column":9}},"type":"if","locations":[{"start":{"line":40,"column":8},"end":{"line":42,"column":9}}]}},"s":{"0":1,"1":1,"2":1,"3":1,"4":1,"5":1,"6":1,"7":1,"8":1,"9":1,"10":1,"11":1,"12":1,"13":1,"14":1,"15":1,"16":0,"17":0,"18":0,"19":0,"20":0,"21":0,"22":0,"23":1,"24":0,"25":0,"26":1,"27":0,"28":0,"29":1,"30":0,"31":0,"32":0,"33":0,"34":0,"35":0,"36":0,"37":0,"38":1},"f":{"0":1,"1":0,"2":0,"3":0,"4":0,"5":0,"6":0,"7":0,"8":0,"9":0,"10":0},"b":{"0":[0],"1":[0,0],"2":[0,0,0,0,0],"3":[0]}}
,"C:\\projects\\ntt data\\BC56-FRONTEND-REACT\\src\\components\\cartBar\\CartBar.tsx": {"path":"C:\\projects\\ntt data\\BC56-FRONTEND-REACT\\src\\components\\cartBar\\CartBar.tsx","statementMap":{"0":{"start":{"line":1,"column":0},"end":{"line":1,"column":46}},"1":{"start":{"line":2,"column":0},"end":{"line":2,"column":22}},"2":{"start":{"line":4,"column":0},"end":{"line":4,"column":48}},"3":{"start":{"line":5,"column":0},"end":{"line":5,"column":33}},"4":{"start":{"line":6,"column":0},"end":{"line":6,"column":70}},"5":{"start":{"line":7,"column":0},"end":{"line":7,"column":36}},"6":{"start":{"line":14,"column":16},"end":{"line":50,"column":1}},"7":{"start":{"line":15,"column":37},"end":{"line":15,"column":46}},"8":{"start":{"line":16,"column":21},"end":{"line":16,"column":34}},"9":{"start":{"line":18,"column":4},"end":{"line":49,"column":null}},"10":{"start":{"line":32,"column":24},"end":{"line":32,"column":50}},"11":{"start":{"line":43,"column":62},"end":{"line":43,"column":82}},"12":{"start":{"line":44,"column":62},"end":{"line":44,"column":73}},"13":{"start":{"line":52,"column":0},"end":{"line":52,"column":null}}},"fnMap":{"0":{"name":"(anonymous_1)","decl":{"start":{"line":14,"column":16},"end":{"line":14,"column":17}},"loc":{"start":{"line":14,"column":66},"end":{"line":50,"column":1}}},"1":{"name":"(anonymous_2)","decl":{"start":{"line":31,"column":34},"end":{"line":31,"column":38}},"loc":{"start":{"line":32,"column":24},"end":{"line":32,"column":50}}},"2":{"name":"(anonymous_3)","decl":{"start":{"line":43,"column":56},"end":{"line":43,"column":59}},"loc":{"start":{"line":43,"column":62},"end":{"line":43,"column":82}}},"3":{"name":"(anonymous_4)","decl":{"start":{"line":44,"column":56},"end":{"line":44,"column":59}},"loc":{"start":{"line":44,"column":62},"end":{"line":44,"column":73}}}},"branchMap":{"0":{"loc":{"start":{"line":30,"column":20},"end":{"line":34,"column":38}},"type":"cond-expr","locations":[{"start":{"line":31,"column":20},"end":{"line":33,"column":22}},{"start":{"line":34,"column":20},"end":{"line":34,"column":38}}]},"1":{"loc":{"start":{"line":39,"column":16},"end":{"line":45,"column":null}},"type":"binary-expr","locations":[{"start":{"line":39,"column":16},"end":{"line":39,"column":37}},{"start":{"line":40,"column":16},"end":{"line":45,"column":null}}]}},"s":{"0":1,"1":1,"2":1,"3":1,"4":1,"5":1,"6":1,"7":2,"8":2,"9":2,"10":0,"11":0,"12":0,"13":1},"f":{"0":2,"1":0,"2":0,"3":0},"b":{"0":[0,2],"1":[2,0]}}
,"C:\\projects\\ntt data\\BC56-FRONTEND-REACT\\src\\components\\cartBar\\ItemCard.tsx": {"path":"C:\\projects\\ntt data\\BC56-FRONTEND-REACT\\src\\components\\cartBar\\ItemCard.tsx","statementMap":{"0":{"start":{"line":2,"column":0},"end":{"line":2,"column":49}},"1":{"start":{"line":3,"column":0},"end":{"line":3,"column":73}},"2":{"start":{"line":5,"column":0},"end":{"line":5,"column":36}},"3":{"start":{"line":7,"column":17},"end":{"line":29,"column":1}},"4":{"start":{"line":8,"column":31},"end":{"line":8,"column":40}},"5":{"start":{"line":10,"column":4},"end":{"line":28,"column":null}},"6":{"start":{"line":24,"column":67},"end":{"line":24,"column":91}},"7":{"start":{"line":31,"column":0},"end":{"line":31,"column":null}}},"fnMap":{"0":{"name":"(anonymous_1)","decl":{"start":{"line":7,"column":17},"end":{"line":7,"column":18}},"loc":{"start":{"line":7,"column":50},"end":{"line":29,"column":1}}},"1":{"name":"(anonymous_2)","decl":{"start":{"line":24,"column":59},"end":{"line":24,"column":62}},"loc":{"start":{"line":24,"column":64},"end":{"line":24,"column":92}}}},"branchMap":{},"s":{"0":1,"1":1,"2":1,"3":1,"4":0,"5":0,"6":0,"7":1},"f":{"0":0,"1":0},"b":{}}
,"C:\\projects\\ntt data\\BC56-FRONTEND-REACT\\src\\components\\dropdown\\Dropdown.tsx": {"path":"C:\\projects\\ntt data\\BC56-FRONTEND-REACT\\src\\components\\dropdown\\Dropdown.tsx","statementMap":{"0":{"start":{"line":1,"column":0},"end":{"line":1,"column":51}},"1":{"start":{"line":2,"column":0},"end":{"line":2,"column":44}},"2":{"start":{"line":3,"column":0},"end":{"line":3,"column":54}},"3":{"start":{"line":5,"column":0},"end":{"line":5,"column":38}},"4":{"start":{"line":7,"column":0},"end":{"line":7,"column":23}},"5":{"start":{"line":10,"column":17},"end":{"line":85,"column":1}},"6":{"start":{"line":11,"column":31},"end":{"line":11,"column":57}},"7":{"start":{"line":12,"column":56},"end":{"line":12,"column":89}},"8":{"start":{"line":13,"column":52},"end":{"line":13,"column":67}},"9":{"start":{"line":14,"column":48},"end":{"line":14,"column":63}},"10":{"start":{"line":15,"column":24},"end":{"line":15,"column":59}},"11":{"start":{"line":17,"column":26},"end":{"line":17,"column":38}},"12":{"start":{"line":19,"column":35},"end":{"line":26,"column":5}},"13":{"start":{"line":20,"column":8},"end":{"line":20,"column":null}},"14":{"start":{"line":21,"column":8},"end":{"line":21,"column":null}},"15":{"start":{"line":23,"column":22},"end":{"line":23,"column":50}},"16":{"start":{"line":25,"column":8},"end":{"line":25,"column":null}},"17":{"start":{"line":25,"column":35},"end":{"line":25,"column":null}},"18":{"start":{"line":28,"column":37},"end":{"line":31,"column":5}},"19":{"start":{"line":29,"column":8},"end":{"line":29,"column":null}},"20":{"start":{"line":29,"column":36},"end":{"line":29,"column":41}},"21":{"start":{"line":30,"column":8},"end":{"line":30,"column":null}},"22":{"start":{"line":33,"column":35},"end":{"line":35,"column":5}},"23":{"start":{"line":34,"column":8},"end":{"line":34,"column":null}},"24":{"start":{"line":34,"column":34},"end":{"line":34,"column":39}},"25":{"start":{"line":38,"column":4},"end":{"line":50,"column":null}},"26":{"start":{"line":39,"column":35},"end":{"line":44,"column":9}},"27":{"start":{"line":40,"column":12},"end":{"line":43,"column":13}},"28":{"start":{"line":41,"column":16},"end":{"line":41,"column":null}},"29":{"start":{"line":42,"column":16},"end":{"line":42,"column":null}},"30":{"start":{"line":46,"column":8},"end":{"line":46,"column":null}},"31":{"start":{"line":47,"column":8},"end":{"line":49,"column":null}},"32":{"start":{"line":48,"column":12},"end":{"line":48,"column":null}},"33":{"start":{"line":52,"column":4},"end":{"line":84,"column":null}},"34":{"start":{"line":62,"column":28},"end":{"line":62,"column":53}},"35":{"start":{"line":62,"column":69},"end":{"line":62,"column":106}},"36":{"start":{"line":78,"column":28},"end":{"line":78,"column":52}},"37":{"start":{"line":87,"column":0},"end":{"line":87,"column":null}}},"fnMap":{"0":{"name":"(anonymous_1)","decl":{"start":{"line":10,"column":17},"end":{"line":10,"column":20}},"loc":{"start":{"line":10,"column":22},"end":{"line":85,"column":1}}},"1":{"name":"(anonymous_2)","decl":{"start":{"line":19,"column":35},"end":{"line":19,"column":36}},"loc":{"start":{"line":19,"column":82},"end":{"line":26,"column":5}}},"2":{"name":"(anonymous_3)","decl":{"start":{"line":28,"column":37},"end":{"line":28,"column":40}},"loc":{"start":{"line":28,"column":42},"end":{"line":31,"column":5}}},"3":{"name":"(anonymous_4)","decl":{"start":{"line":29,"column":28},"end":{"line":29,"column":32}},"loc":{"start":{"line":29,"column":36},"end":{"line":29,"column":41}}},"4":{"name":"(anonymous_5)","decl":{"start":{"line":33,"column":35},"end":{"line":33,"column":38}},"loc":{"start":{"line":33,"column":40},"end":{"line":35,"column":5}}},"5":{"name":"(anonymous_6)","decl":{"start":{"line":34,"column":26},"end":{"line":34,"column":30}},"loc":{"start":{"line":34,"column":34},"end":{"line":34,"column":39}}},"6":{"name":"(anonymous_7)","decl":{"start":{"line":38,"column":14},"end":{"line":38,"column":17}},"loc":{"start":{"line":38,"column":19},"end":{"line":50,"column":5}}},"7":{"name":"(anonymous_8)","decl":{"start":{"line":39,"column":35},"end":{"line":39,"column":36}},"loc":{"start":{"line":39,"column":57},"end":{"line":44,"column":9}}},"8":{"name":"(anonymous_9)","decl":{"start":{"line":47,"column":15},"end":{"line":47,"column":18}},"loc":{"start":{"line":47,"column":20},"end":{"line":49,"column":9}}},"9":{"name":"(anonymous_10)","decl":{"start":{"line":61,"column":34},"end":{"line":61,"column":44}},"loc":{"start":{"line":62,"column":28},"end":{"line":62,"column":53}}},"10":{"name":"(anonymous_11)","decl":{"start":{"line":62,"column":62},"end":{"line":62,"column":63}},"loc":{"start":{"line":62,"column":69},"end":{"line":62,"column":106}}},"11":{"name":"(anonymous_12)","decl":{"start":{"line":77,"column":80},"end":{"line":77,"column":88}},"loc":{"start":{"line":78,"column":28},"end":{"line":78,"column":52}}}},"branchMap":{"0":{"loc":{"start":{"line":25,"column":8},"end":{"line":25,"column":null}},"type":"if","locations":[{"start":{"line":25,"column":8},"end":{"line":25,"column":null}}]},"1":{"loc":{"start":{"line":40,"column":12},"end":{"line":43,"column":13}},"type":"if","locations":[{"start":{"line":40,"column":12},"end":{"line":43,"column":13}}]},"2":{"loc":{"start":{"line":40,"column":16},"end":{"line":40,"column":90}},"type":"binary-expr","locations":[{"start":{"line":40,"column":16},"end":{"line":40,"column":35}},{"start":{"line":40,"column":39},"end":{"line":40,"column":90}}]},"3":{"loc":{"start":{"line":59,"column":17},"end":{"line":66,"column":null}},"type":"binary-expr","locations":[{"start":{"line":59,"column":17},"end":{"line":59,"column":33}},{"start":{"line":60,"column":20},"end":{"line":65,"column":null}}]},"4":{"loc":{"start":{"line":75,"column":17},"end":{"line":80,"column":null}},"type":"binary-expr","locations":[{"start":{"line":75,"column":18},"end":{"line":75,"column":32}},{"start":{"line":75,"column":36},"end":{"line":75,"column":54}},{"start":{"line":76,"column":20},"end":{"line":79,"column":null}}]},"5":{"loc":{"start":{"line":77,"column":25},"end":{"line":79,"column":26}},"type":"binary-expr","locations":[{"start":{"line":77,"column":25},"end":{"line":77,"column":43}},{"start":{"line":77,"column":47},"end":{"line":79,"column":26}}]}},"s":{"0":1,"1":1,"2":1,"3":1,"4":1,"5":1,"6":2,"7":2,"8":2,"9":2,"10":2,"11":2,"12":2,"13":0,"14":0,"15":0,"16":0,"17":0,"18":2,"19":0,"20":0,"21":0,"22":2,"23":0,"24":0,"25":2,"26":2,"27":0,"28":0,"29":0,"30":2,"31":2,"32":2,"33":2,"34":0,"35":0,"36":0,"37":1},"f":{"0":2,"1":0,"2":0,"3":0,"4":0,"5":0,"6":2,"7":0,"8":2,"9":0,"10":0,"11":0},"b":{"0":[0],"1":[0],"2":[0,0],"3":[2,0],"4":[2,0,0],"5":[0,0]}}
,"C:\\projects\\ntt data\\BC56-FRONTEND-REACT\\src\\components\\footer\\Footer.tsx": {"path":"C:\\projects\\ntt data\\BC56-FRONTEND-REACT\\src\\components\\footer\\Footer.tsx","statementMap":{"0":{"start":{"line":2,"column":0},"end":{"line":2,"column":53}},"1":{"start":{"line":3,"column":0},"end":{"line":3,"column":47}},"2":{"start":{"line":4,"column":0},"end":{"line":4,"column":49}},"3":{"start":{"line":5,"column":0},"end":{"line":5,"column":49}},"4":{"start":{"line":7,"column":0},"end":{"line":7,"column":21}},"5":{"start":{"line":9,"column":15},"end":{"line":37,"column":1}},"6":{"start":{"line":10,"column":4},"end":{"line":36,"column":null}},"7":{"start":{"line":39,"column":0},"end":{"line":39,"column":null}}},"fnMap":{"0":{"name":"(anonymous_1)","decl":{"start":{"line":9,"column":15},"end":{"line":9,"column":37}},"loc":{"start":{"line":9,"column":39},"end":{"line":37,"column":1}}}},"branchMap":{},"s":{"0":1,"1":1,"2":1,"3":1,"4":1,"5":1,"6":1,"7":1},"f":{"0":1},"b":{}}
,"C:\\projects\\ntt data\\BC56-FRONTEND-REACT\\src\\components\\header\\Header.tsx": {"path":"C:\\projects\\ntt data\\BC56-FRONTEND-REACT\\src\\components\\header\\Header.tsx","statementMap":{"0":{"start":{"line":1,"column":0},"end":{"line":1,"column":69}},"1":{"start":{"line":2,"column":0},"end":{"line":2,"column":46}},"2":{"start":{"line":4,"column":0},"end":{"line":4,"column":21}},"3":{"start":{"line":6,"column":0},"end":{"line":6,"column":49}},"4":{"start":{"line":8,"column":0},"end":{"line":8,"column":25}},"5":{"start":{"line":10,"column":0},"end":{"line":10,"column":35}},"6":{"start":{"line":11,"column":0},"end":{"line":11,"column":50}},"7":{"start":{"line":12,"column":0},"end":{"line":12,"column":46}},"8":{"start":{"line":14,"column":0},"end":{"line":14,"column":36}},"9":{"start":{"line":22,"column":15},"end":{"line":88,"column":1}},"10":{"start":{"line":23,"column":21},"end":{"line":23,"column":34}},"11":{"start":{"line":24,"column":23},"end":{"line":24,"column":35}},"12":{"start":{"line":26,"column":26},"end":{"line":26,"column":35}},"13":{"start":{"line":28,"column":25},"end":{"line":30,"column":5}},"14":{"start":{"line":29,"column":8},"end":{"line":29,"column":null}},"15":{"start":{"line":32,"column":23},"end":{"line":36,"column":5}},"16":{"start":{"line":33,"column":8},"end":{"line":35,"column":9}},"17":{"start":{"line":34,"column":13},"end":{"line":34,"column":null}},"18":{"start":{"line":38,"column":4},"end":{"line":87,"column":null}},"19":{"start":{"line":50,"column":91},"end":{"line":50,"column":106}},"20":{"start":{"line":56,"column":44},"end":{"line":56,"column":63}},"21":{"start":{"line":78,"column":68},"end":{"line":78,"column":89}},"22":{"start":{"line":90,"column":0},"end":{"line":90,"column":null}}},"fnMap":{"0":{"name":"(anonymous_1)","decl":{"start":{"line":22,"column":15},"end":{"line":22,"column":16}},"loc":{"start":{"line":22,"column":92},"end":{"line":88,"column":1}}},"1":{"name":"(anonymous_2)","decl":{"start":{"line":28,"column":25},"end":{"line":28,"column":26}},"loc":{"start":{"line":28,"column":62},"end":{"line":30,"column":5}}},"2":{"name":"(anonymous_3)","decl":{"start":{"line":32,"column":23},"end":{"line":32,"column":26}},"loc":{"start":{"line":32,"column":28},"end":{"line":36,"column":5}}},"3":{"name":"(anonymous_4)","decl":{"start":{"line":50,"column":84},"end":{"line":50,"column":85}},"loc":{"start":{"line":50,"column":91},"end":{"line":50,"column":106}}},"4":{"name":"(anonymous_5)","decl":{"start":{"line":55,"column":65},"end":{"line":55,"column":66}},"loc":{"start":{"line":56,"column":44},"end":{"line":56,"column":63}}},"5":{"name":"(anonymous_6)","decl":{"start":{"line":78,"column":51},"end":{"line":78,"column":52}},"loc":{"start":{"line":78,"column":68},"end":{"line":78,"column":89}}}},"branchMap":{"0":{"loc":{"start":{"line":29,"column":8},"end":{"line":29,"column":46}},"type":"binary-expr","locations":[{"start":{"line":29,"column":8},"end":{"line":29,"column":17}},{"start":{"line":29,"column":21},"end":{"line":29,"column":46}}]},"1":{"loc":{"start":{"line":33,"column":8},"end":{"line":35,"column":9}},"type":"if","locations":[{"start":{"line":33,"column":8},"end":{"line":35,"column":9}}]},"2":{"loc":{"start":{"line":47,"column":24},"end":{"line":64,"column":null}},"type":"binary-expr","locations":[{"start":{"line":47,"column":24},"end":{"line":47,"column":48}},{"start":{"line":48,"column":24},"end":{"line":64,"column":null}}]},"3":{"loc":{"start":{"line":55,"column":40},"end":{"line":57,"column":42}},"type":"binary-expr","locations":[{"start":{"line":55,"column":40},"end":{"line":55,"column":48}},{"start":{"line":55,"column":52},"end":{"line":57,"column":42}}]}},"s":{"0":1,"1":1,"2":1,"3":1,"4":1,"5":1,"6":1,"7":1,"8":1,"9":1,"10":1,"11":1,"12":1,"13":1,"14":0,"15":1,"16":0,"17":0,"18":1,"19":0,"20":0,"21":0,"22":1},"f":{"0":1,"1":0,"2":0,"3":0,"4":0,"5":0},"b":{"0":[0,0],"1":[0],"2":[1,1],"3":[1,0]}}
,"C:\\projects\\ntt data\\BC56-FRONTEND-REACT\\src\\components\\header\\User.tsx": {"path":"C:\\projects\\ntt data\\BC56-FRONTEND-REACT\\src\\components\\header\\User.tsx","statementMap":{"0":{"start":{"line":1,"column":0},"end":{"line":1,"column":30}},"1":{"start":{"line":2,"column":0},"end":{"line":2,"column":46}},"2":{"start":{"line":4,"column":0},"end":{"line":4,"column":48}},"3":{"start":{"line":6,"column":13},"end":{"line":25,"column":1}},"4":{"start":{"line":7,"column":23},"end":{"line":7,"column":37}},"5":{"start":{"line":9,"column":27},"end":{"line":9,"column":39}},"6":{"start":{"line":11,"column":40},"end":{"line":15,"column":5}},"7":{"start":{"line":12,"column":8},"end":{"line":14,"column":9}},"8":{"start":{"line":13,"column":13},"end":{"line":13,"column":null}},"9":{"start":{"line":17,"column":4},"end":{"line":24,"column":null}},"10":{"start":{"line":27,"column":0},"end":{"line":27,"column":null}}},"fnMap":{"0":{"name":"(anonymous_1)","decl":{"start":{"line":6,"column":13},"end":{"line":6,"column":16}},"loc":{"start":{"line":6,"column":18},"end":{"line":25,"column":1}}},"1":{"name":"(anonymous_2)","decl":{"start":{"line":11,"column":40},"end":{"line":11,"column":43}},"loc":{"start":{"line":11,"column":45},"end":{"line":15,"column":5}}}},"branchMap":{"0":{"loc":{"start":{"line":12,"column":8},"end":{"line":14,"column":9}},"type":"if","locations":[{"start":{"line":12,"column":8},"end":{"line":14,"column":9}}]}},"s":{"0":1,"1":1,"2":1,"3":1,"4":1,"5":1,"6":1,"7":0,"8":0,"9":1,"10":1},"f":{"0":1,"1":0},"b":{"0":[0]}}
,"C:\\projects\\ntt data\\BC56-FRONTEND-REACT\\src\\components\\loading\\Loading.tsx": {"path":"C:\\projects\\ntt data\\BC56-FRONTEND-REACT\\src\\components\\loading\\Loading.tsx","statementMap":{"0":{"start":{"line":1,"column":0},"end":{"line":1,"column":22}},"1":{"start":{"line":3,"column":0},"end":{"line":3,"column":35}},"2":{"start":{"line":5,"column":16},"end":{"line":12,"column":1}},"3":{"start":{"line":6,"column":2},"end":{"line":11,"column":null}},"4":{"start":{"line":14,"column":0},"end":{"line":14,"column":null}}},"fnMap":{"0":{"name":"(anonymous_1)","decl":{"start":{"line":5,"column":16},"end":{"line":5,"column":17}},"loc":{"start":{"line":5,"column":52},"end":{"line":12,"column":1}}}},"branchMap":{"0":{"loc":{"start":{"line":7,"column":39},"end":{"line":7,"column":56}},"type":"binary-expr","locations":[{"start":{"line":7,"column":39},"end":{"line":7,"column":45}},{"start":{"line":7,"column":49},"end":{"line":7,"column":56}}]}},"s":{"0":1,"1":1,"2":1,"3":1,"4":1},"f":{"0":1},"b":{"0":[1,1]}}
,"C:\\projects\\ntt data\\BC56-FRONTEND-REACT\\src\\components\\modal\\Modal.tsx": {"path":"C:\\projects\\ntt data\\BC56-FRONTEND-REACT\\src\\components\\modal\\Modal.tsx","statementMap":{"0":{"start":{"line":1,"column":0},"end":{"line":1,"column":20}},"1":{"start":{"line":10,"column":14},"end":{"line":20,"column":1}},"2":{"start":{"line":11,"column":4},"end":{"line":19,"column":null}},"3":{"start":{"line":22,"column":0},"end":{"line":22,"column":null}}},"fnMap":{"0":{"name":"(anonymous_0)","decl":{"start":{"line":10,"column":14},"end":{"line":10,"column":15}},"loc":{"start":{"line":10,"column":79},"end":{"line":20,"column":1}}}},"branchMap":{},"s":{"0":1,"1":1,"2":3,"3":1},"f":{"0":3},"b":{}}
,"C:\\projects\\ntt data\\BC56-FRONTEND-REACT\\src\\components\\noCartProducts\\NoCartProducts.tsx": {"path":"C:\\projects\\ntt data\\BC56-FRONTEND-REACT\\src\\components\\noCartProducts\\NoCartProducts.tsx","statementMap":{"0":{"start":{"line":1,"column":23},"end":{"line":5,"column":1}},"1":{"start":{"line":2,"column":2},"end":{"line":4,"column":null}},"2":{"start":{"line":7,"column":0},"end":{"line":7,"column":null}}},"fnMap":{"0":{"name":"(anonymous_0)","decl":{"start":{"line":1,"column":23},"end":{"line":1,"column":26}},"loc":{"start":{"line":1,"column":28},"end":{"line":5,"column":1}}}},"branchMap":{},"s":{"0":1,"1":2,"2":1},"f":{"0":2},"b":{}}
,"C:\\projects\\ntt data\\BC56-FRONTEND-REACT\\src\\components\\productCard\\ProductCard.tsx": {"path":"C:\\projects\\ntt data\\BC56-FRONTEND-REACT\\src\\components\\productCard\\ProductCard.tsx","statementMap":{"0":{"start":{"line":1,"column":0},"end":{"line":1,"column":46}},"1":{"start":{"line":3,"column":0},"end":{"line":3,"column":36}},"2":{"start":{"line":5,"column":20},"end":{"line":43,"column":1}},"3":{"start":{"line":6,"column":21},"end":{"line":6,"column":34}},"4":{"start":{"line":8,"column":26},"end":{"line":8,"column":35}},"5":{"start":{"line":10,"column":28},"end":{"line":23,"column":5}},"6":{"start":{"line":22,"column":8},"end":{"line":22,"column":null}},"7":{"start":{"line":25,"column":4},"end":{"line":42,"column":null}},"8":{"start":{"line":30,"column":43},"end":{"line":30,"column":78}},"9":{"start":{"line":37,"column":70},"end":{"line":37,"column":94}},"10":{"start":{"line":45,"column":0},"end":{"line":45,"column":null}}},"fnMap":{"0":{"name":"(anonymous_1)","decl":{"start":{"line":5,"column":20},"end":{"line":5,"column":21}},"loc":{"start":{"line":5,"column":86},"end":{"line":43,"column":1}}},"1":{"name":"(anonymous_2)","decl":{"start":{"line":10,"column":28},"end":{"line":10,"column":29}},"loc":{"start":{"line":10,"column":57},"end":{"line":23,"column":5}}},"2":{"name":"(anonymous_3)","decl":{"start":{"line":30,"column":37},"end":{"line":30,"column":40}},"loc":{"start":{"line":30,"column":43},"end":{"line":30,"column":78}}},"3":{"name":"(anonymous_4)","decl":{"start":{"line":37,"column":64},"end":{"line":37,"column":67}},"loc":{"start":{"line":37,"column":70},"end":{"line":37,"column":94}}}},"branchMap":{"0":{"loc":{"start":{"line":28,"column":16},"end":{"line":38,"column":null}},"type":"binary-expr","locations":[{"start":{"line":28,"column":16},"end":{"line":28,"column":23}},{"start":{"line":29,"column":16},"end":{"line":38,"column":null}}]}},"s":{"0":1,"1":1,"2":1,"3":1,"4":1,"5":1,"6":0,"7":1,"8":0,"9":0,"10":1},"f":{"0":1,"1":0,"2":0,"3":0},"b":{"0":[1,0]}}
,"C:\\projects\\ntt data\\BC56-FRONTEND-REACT\\src\\context\\CartContext.tsx": {"path":"C:\\projects\\ntt data\\BC56-FRONTEND-REACT\\src\\context\\CartContext.tsx","statementMap":{"0":{"start":{"line":3,"column":0},"end":{"line":3,"column":70}},"1":{"start":{"line":14,"column":13},"end":{"line":14,"column":null}},"2":{"start":{"line":16,"column":28},"end":{"line":76,"column":1}},"3":{"start":{"line":17,"column":38},"end":{"line":17,"column":62}},"4":{"start":{"line":18,"column":39},"end":{"line":18,"column":50}},"5":{"start":{"line":20,"column":4},"end":{"line":26,"column":null}},"6":{"start":{"line":21,"column":8},"end":{"line":21,"column":null}},"7":{"start":{"line":23,"column":8},"end":{"line":25,"column":null}},"8":{"start":{"line":24,"column":12},"end":{"line":24,"column":null}},"9":{"start":{"line":24,"column":39},"end":{"line":24,"column":80}},"10":{"start":{"line":28,"column":22},"end":{"line":42,"column":5}},"11":{"start":{"line":29,"column":8},"end":{"line":41,"column":null}},"12":{"start":{"line":30,"column":36},"end":{"line":30,"column":82}},"13":{"start":{"line":30,"column":59},"end":{"line":30,"column":81}},"14":{"start":{"line":32,"column":12},"end":{"line":40,"column":13}},"15":{"start":{"line":33,"column":16},"end":{"line":37,"column":null}},"16":{"start":{"line":34,"column":20},"end":{"line":36,"column":30}},"17":{"start":{"line":39,"column":16},"end":{"line":39,"column":null}},"18":{"start":{"line":44,"column":29},"end":{"line":61,"column":5}},"19":{"start":{"line":45,"column":8},"end":{"line":60,"column":null}},"20":{"start":{"line":46,"column":36},"end":{"line":46,"column":81}},"21":{"start":{"line":46,"column":59},"end":{"line":46,"column":80}},"22":{"start":{"line":48,"column":12},"end":{"line":58,"column":13}},"23":{"start":{"line":49,"column":16},"end":{"line":57,"column":17}},"24":{"start":{"line":50,"column":20},"end":{"line":54,"column":null}},"25":{"start":{"line":51,"column":24},"end":{"line":53,"column":34}},"26":{"start":{"line":56,"column":20},"end":{"line":56,"column":null}},"27":{"start":{"line":56,"column":52},"end":{"line":56,"column":73}},"28":{"start":{"line":59,"column":12},"end":{"line":59,"column":null}},"29":{"start":{"line":63,"column":22},"end":{"line":65,"column":5}},"30":{"start":{"line":64,"column":8},"end":{"line":64,"column":null}},"31":{"start":{"line":67,"column":27},"end":{"line":69,"column":5}},"32":{"start":{"line":68,"column":8},"end":{"line":68,"column":83}},"33":{"start":{"line":68,"column":34},"end":{"line":68,"column":81}},"34":{"start":{"line":68,"column":59},"end":{"line":68,"column":80}},"35":{"start":{"line":71,"column":4},"end":{"line":75,"column":null}},"36":{"start":{"line":16,"column":13},"end":{"line":16,"column":28}}},"fnMap":{"0":{"name":"(anonymous_0)","decl":{"start":{"line":16,"column":28},"end":{"line":16,"column":29}},"loc":{"start":{"line":16,"column":89},"end":{"line":76,"column":1}}},"1":{"name":"(anonymous_1)","decl":{"start":{"line":20,"column":14},"end":{"line":20,"column":17}},"loc":{"start":{"line":20,"column":19},"end":{"line":26,"column":5}}},"2":{"name":"(anonymous_2)","decl":{"start":{"line":23,"column":26},"end":{"line":23,"column":30}},"loc":{"start":{"line":23,"column":33},"end":{"line":25,"column":9}}},"3":{"name":"(anonymous_3)","decl":{"start":{"line":24,"column":26},"end":{"line":24,"column":35}},"loc":{"start":{"line":24,"column":39},"end":{"line":24,"column":80}}},"4":{"name":"(anonymous_4)","decl":{"start":{"line":28,"column":22},"end":{"line":28,"column":23}},"loc":{"start":{"line":28,"column":43},"end":{"line":42,"column":5}}},"5":{"name":"(anonymous_5)","decl":{"start":{"line":29,"column":21},"end":{"line":29,"column":30}},"loc":{"start":{"line":29,"column":33},"end":{"line":41,"column":9}}},"6":{"name":"(anonymous_6)","decl":{"start":{"line":30,"column":51},"end":{"line":30,"column":55}},"loc":{"start":{"line":30,"column":59},"end":{"line":30,"column":81}}},"7":{"name":"(anonymous_7)","decl":{"start":{"line":33,"column":37},"end":{"line":33,"column":41}},"loc":{"start":{"line":34,"column":20},"end":{"line":36,"column":30}}},"8":{"name":"(anonymous_8)","decl":{"start":{"line":44,"column":29},"end":{"line":44,"column":30}},"loc":{"start":{"line":44,"column":51},"end":{"line":61,"column":5}}},"9":{"name":"(anonymous_9)","decl":{"start":{"line":45,"column":21},"end":{"line":45,"column":30}},"loc":{"start":{"line":45,"column":33},"end":{"line":60,"column":9}}},"10":{"name":"(anonymous_10)","decl":{"start":{"line":46,"column":51},"end":{"line":46,"column":55}},"loc":{"start":{"line":46,"column":59},"end":{"line":46,"column":80}}},"11":{"name":"(anonymous_11)","decl":{"start":{"line":50,"column":41},"end":{"line":50,"column":45}},"loc":{"start":{"line":51,"column":24},"end":{"line":53,"column":34}}},"12":{"name":"(anonymous_12)","decl":{"start":{"line":56,"column":44},"end":{"line":56,"column":48}},"loc":{"start":{"line":56,"column":52},"end":{"line":56,"column":73}}},"13":{"name":"(anonymous_13)","decl":{"start":{"line":63,"column":22},"end":{"line":63,"column":25}},"loc":{"start":{"line":63,"column":27},"end":{"line":65,"column":5}}},"14":{"name":"(anonymous_14)","decl":{"start":{"line":67,"column":27},"end":{"line":67,"column":28}},"loc":{"start":{"line":67,"column":49},"end":{"line":69,"column":5}}},"15":{"name":"(anonymous_15)","decl":{"start":{"line":68,"column":21},"end":{"line":68,"column":30}},"loc":{"start":{"line":68,"column":34},"end":{"line":68,"column":81}}},"16":{"name":"(anonymous_16)","decl":{"start":{"line":68,"column":51},"end":{"line":68,"column":55}},"loc":{"start":{"line":68,"column":59},"end":{"line":68,"column":80}}}},"branchMap":{"0":{"loc":{"start":{"line":32,"column":12},"end":{"line":40,"column":13}},"type":"if","locations":[{"start":{"line":32,"column":12},"end":{"line":40,"column":13}},{"start":{"line":38,"column":19},"end":{"line":40,"column":13}}]},"1":{"loc":{"start":{"line":34,"column":20},"end":{"line":36,"column":30}},"type":"cond-expr","locations":[{"start":{"line":35,"column":26},"end":{"line":35,"column":66}},{"start":{"line":36,"column":26},"end":{"line":36,"column":30}}]},"2":{"loc":{"start":{"line":48,"column":12},"end":{"line":58,"column":13}},"type":"if","locations":[{"start":{"line":48,"column":12},"end":{"line":58,"column":13}}]},"3":{"loc":{"start":{"line":49,"column":16},"end":{"line":57,"column":17}},"type":"if","locations":[{"start":{"line":49,"column":16},"end":{"line":57,"column":17}},{"start":{"line":55,"column":23},"end":{"line":57,"column":17}}]},"4":{"loc":{"start":{"line":51,"column":24},"end":{"line":53,"column":34}},"type":"cond-expr","locations":[{"start":{"line":52,"column":30},"end":{"line":52,"column":70}},{"start":{"line":53,"column":30},"end":{"line":53,"column":34}}]}},"s":{"0":1,"1":1,"2":1,"3":9,"4":9,"5":9,"6":9,"7":9,"8":0,"9":0,"10":9,"11":0,"12":0,"13":0,"14":0,"15":0,"16":0,"17":0,"18":9,"19":0,"20":0,"21":0,"22":0,"23":0,"24":0,"25":0,"26":0,"27":0,"28":0,"29":9,"30":0,"31":9,"32":0,"33":0,"34":0,"35":9,"36":1},"f":{"0":9,"1":9,"2":0,"3":0,"4":0,"5":0,"6":0,"7":0,"8":0,"9":0,"10":0,"11":0,"12":0,"13":0,"14":0,"15":0,"16":0},"b":{"0":[0,0],"1":[0,0],"2":[0],"3":[0,0],"4":[0,0]}}
,"C:\\projects\\ntt data\\BC56-FRONTEND-REACT\\src\\declarations\\ApiEndpoints.ts": {"path":"C:\\projects\\ntt data\\BC56-FRONTEND-REACT\\src\\declarations\\ApiEndpoints.ts","statementMap":{"0":{"start":{"line":1,"column":0},"end":{"line":1,"column":null}},"1":{"start":{"line":2,"column":4},"end":{"line":2,"column":null}},"2":{"start":{"line":3,"column":4},"end":{"line":3,"column":null}},"3":{"start":{"line":4,"column":4},"end":{"line":4,"column":null}},"4":{"start":{"line":5,"column":4},"end":{"line":5,"column":null}}},"fnMap":{"0":{"name":"(anonymous_0)","decl":{"start":{"line":1,"column":0},"end":{"line":1,"column":12}},"loc":{"start":{"line":1,"column":24},"end":{"line":6,"column":1}}}},"branchMap":{"0":{"loc":{"start":{"line":1,"column":12},"end":{"line":1,"column":null}},"type":"binary-expr","locations":[{"start":{"line":1,"column":12},"end":{"line":1,"column":24}},{"start":{"line":1,"column":24},"end":{"line":1,"column":null}}]}},"s":{"0":2,"1":2,"2":2,"3":2,"4":2},"f":{"0":2},"b":{"0":[2,2]}}
,"C:\\projects\\ntt data\\BC56-FRONTEND-REACT\\src\\declarations\\ErrorMessages.ts": {"path":"C:\\projects\\ntt data\\BC56-FRONTEND-REACT\\src\\declarations\\ErrorMessages.ts","statementMap":{"0":{"start":{"line":1,"column":0},"end":{"line":1,"column":null}},"1":{"start":{"line":2,"column":4},"end":{"line":2,"column":null}},"2":{"start":{"line":3,"column":4},"end":{"line":3,"column":null}},"3":{"start":{"line":4,"column":4},"end":{"line":4,"column":null}}},"fnMap":{"0":{"name":"(anonymous_0)","decl":{"start":{"line":1,"column":0},"end":{"line":1,"column":12}},"loc":{"start":{"line":1,"column":25},"end":{"line":5,"column":1}}}},"branchMap":{"0":{"loc":{"start":{"line":1,"column":12},"end":{"line":1,"column":null}},"type":"binary-expr","locations":[{"start":{"line":1,"column":12},"end":{"line":1,"column":25}},{"start":{"line":1,"column":25},"end":{"line":1,"column":null}}]}},"s":{"0":2,"1":2,"2":2,"3":2},"f":{"0":2},"b":{"0":[2,2]}}
,"C:\\projects\\ntt data\\BC56-FRONTEND-REACT\\src\\hooks\\useCart.ts": {"path":"C:\\projects\\ntt data\\BC56-FRONTEND-REACT\\src\\hooks\\useCart.ts","statementMap":{"0":{"start":{"line":1,"column":0},"end":{"line":1,"column":50}},"1":{"start":{"line":4,"column":0},"end":{"line":4,"column":34}},"2":{"start":{"line":15,"column":23},"end":{"line":21,"column":1}},"3":{"start":{"line":16,"column":20},"end":{"line":16,"column":43}},"4":{"start":{"line":17,"column":4},"end":{"line":19,"column":5}},"5":{"start":{"line":18,"column":8},"end":{"line":18,"column":null}},"6":{"start":{"line":20,"column":4},"end":{"line":20,"column":null}},"7":{"start":{"line":15,"column":13},"end":{"line":15,"column":23}},"8":{"start":{"line":23,"column":0},"end":{"line":23,"column":null}}},"fnMap":{"0":{"name":"(anonymous_0)","decl":{"start":{"line":15,"column":23},"end":{"line":15,"column":43}},"loc":{"start":{"line":15,"column":45},"end":{"line":21,"column":1}}}},"branchMap":{"0":{"loc":{"start":{"line":17,"column":4},"end":{"line":19,"column":5}},"type":"if","locations":[{"start":{"line":17,"column":4},"end":{"line":19,"column":5}}]}},"s":{"0":1,"1":1,"2":1,"3":5,"4":5,"5":0,"6":5,"7":1,"8":1},"f":{"0":5},"b":{"0":[0]}}
,"C:\\projects\\ntt data\\BC56-FRONTEND-REACT\\src\\hooks\\useDummyjson.ts": {"path":"C:\\projects\\ntt data\\BC56-FRONTEND-REACT\\src\\hooks\\useDummyjson.ts","statementMap":{"0":{"start":{"line":2,"column":0},"end":{"line":2,"column":52}},"1":{"start":{"line":3,"column":0},"end":{"line":3,"column":46}},"2":{"start":{"line":5,"column":0},"end":{"line":5,"column":47}},"3":{"start":{"line":6,"column":0},"end":{"line":6,"column":33}},"4":{"start":{"line":7,"column":0},"end":{"line":7,"column":57}},"5":{"start":{"line":12,"column":21},"end":{"line":52,"column":1}},"6":{"start":{"line":13,"column":26},"end":{"line":13,"column":36}},"7":{"start":{"line":14,"column":27},"end":{"line":14,"column":44}},"8":{"start":{"line":15,"column":22},"end":{"line":15,"column":35}},"9":{"start":{"line":17,"column":18},"end":{"line":20,"column":5}},"10":{"start":{"line":18,"column":36},"end":{"line":18,"column":72}},"11":{"start":{"line":19,"column":8},"end":{"line":19,"column":null}},"12":{"start":{"line":22,"column":19},"end":{"line":27,"column":5}},"13":{"start":{"line":23,"column":8},"end":{"line":23,"column":null}},"14":{"start":{"line":24,"column":8},"end":{"line":26,"column":null}},"15":{"start":{"line":25,"column":12},"end":{"line":25,"column":null}},"16":{"start":{"line":29,"column":24},"end":{"line":32,"column":10}},"17":{"start":{"line":30,"column":29},"end":{"line":30,"column":61}},"18":{"start":{"line":31,"column":8},"end":{"line":31,"column":null}},"19":{"start":{"line":34,"column":27},"end":{"line":37,"column":10}},"20":{"start":{"line":35,"column":24},"end":{"line":35,"column":67}},"21":{"start":{"line":36,"column":8},"end":{"line":36,"column":null}},"22":{"start":{"line":39,"column":26},"end":{"line":42,"column":10}},"23":{"start":{"line":40,"column":39},"end":{"line":40,"column":73}},"24":{"start":{"line":41,"column":8},"end":{"line":41,"column":null}},"25":{"start":{"line":44,"column":34},"end":{"line":47,"column":10}},"26":{"start":{"line":45,"column":25},"end":{"line":45,"column":82}},"27":{"start":{"line":46,"column":8},"end":{"line":46,"column":null}},"28":{"start":{"line":49,"column":4},"end":{"line":51,"column":null}},"29":{"start":{"line":54,"column":0},"end":{"line":54,"column":null}}},"fnMap":{"0":{"name":"(anonymous_1)","decl":{"start":{"line":12,"column":21},"end":{"line":12,"column":24}},"loc":{"start":{"line":12,"column":26},"end":{"line":52,"column":1}}},"1":{"name":"(anonymous_2)","decl":{"start":{"line":17,"column":18},"end":{"line":17,"column":23}},"loc":{"start":{"line":17,"column":41},"end":{"line":20,"column":5}}},"2":{"name":"(anonymous_3)","decl":{"start":{"line":22,"column":19},"end":{"line":22,"column":22}},"loc":{"start":{"line":22,"column":24},"end":{"line":27,"column":5}}},"3":{"name":"(anonymous_4)","decl":{"start":{"line":24,"column":24},"end":{"line":24,"column":27}},"loc":{"start":{"line":24,"column":29},"end":{"line":26,"column":9}}},"4":{"name":"(anonymous_5)","decl":{"start":{"line":29,"column":36},"end":{"line":29,"column":41}},"loc":{"start":{"line":29,"column":73},"end":{"line":32,"column":5}}},"5":{"name":"(anonymous_6)","decl":{"start":{"line":34,"column":39},"end":{"line":34,"column":44}},"loc":{"start":{"line":34,"column":78},"end":{"line":37,"column":5}}},"6":{"name":"(anonymous_7)","decl":{"start":{"line":39,"column":38},"end":{"line":39,"column":43}},"loc":{"start":{"line":39,"column":70},"end":{"line":42,"column":5}}},"7":{"name":"(anonymous_8)","decl":{"start":{"line":44,"column":46},"end":{"line":44,"column":51}},"loc":{"start":{"line":44,"column":95},"end":{"line":47,"column":5}}}},"branchMap":{},"s":{"0":2,"1":2,"2":2,"3":2,"4":2,"5":2,"6":3,"7":3,"8":3,"9":3,"10":0,"11":0,"12":3,"13":0,"14":0,"15":0,"16":3,"17":1,"18":1,"19":3,"20":0,"21":0,"22":3,"23":1,"24":1,"25":3,"26":0,"27":0,"28":3,"29":2},"f":{"0":3,"1":0,"2":0,"3":0,"4":1,"5":0,"6":1,"7":0},"b":{}}
,"C:\\projects\\ntt data\\BC56-FRONTEND-REACT\\src\\hooks\\useFetch.ts": {"path":"C:\\projects\\ntt data\\BC56-FRONTEND-REACT\\src\\hooks\\useFetch.ts","statementMap":{"0":{"start":{"line":1,"column":0},"end":{"line":1,"column":59}},"1":{"start":{"line":2,"column":0},"end":{"line":2,"column":35}},"2":{"start":{"line":4,"column":17},"end":{"line":29,"column":1}},"3":{"start":{"line":5,"column":16},"end":{"line":11,"column":10}},"4":{"start":{"line":6,"column":23},"end":{"line":6,"column":44}},"5":{"start":{"line":8,"column":21},"end":{"line":8,"column":40}},"6":{"start":{"line":10,"column":8},"end":{"line":10,"column":null}},"7":{"start":{"line":13,"column":17},"end":{"line":24,"column":5}},"8":{"start":{"line":14,"column":20},"end":{"line":18,"column":10}},"9":{"start":{"line":20,"column":8},"end":{"line":20,"column":null}},"10":{"start":{"line":20,"column":20},"end":{"line":20,"column":null}},"11":{"start":{"line":22,"column":21},"end":{"line":22,"column":37}},"12":{"start":{"line":23,"column":8},"end":{"line":23,"column":null}},"13":{"start":{"line":26,"column":4},"end":{"line":28,"column":null}},"14":{"start":{"line":31,"column":0},"end":{"line":31,"column":null}}},"fnMap":{"0":{"name":"(anonymous_0)","decl":{"start":{"line":4,"column":17},"end":{"line":4,"column":20}},"loc":{"start":{"line":4,"column":22},"end":{"line":29,"column":1}}},"1":{"name":"(anonymous_1)","decl":{"start":{"line":5,"column":28},"end":{"line":5,"column":33}},"loc":{"start":{"line":5,"column":55},"end":{"line":11,"column":5}}},"2":{"name":"(anonymous_2)","decl":{"start":{"line":13,"column":17},"end":{"line":13,"column":22}},"loc":{"start":{"line":13,"column":58},"end":{"line":24,"column":5}}}},"branchMap":{"0":{"loc":{"start":{"line":20,"column":8},"end":{"line":20,"column":null}},"type":"if","locations":[{"start":{"line":20,"column":8},"end":{"line":20,"column":null}}]}},"s":{"0":2,"1":2,"2":2,"3":3,"4":2,"5":2,"6":2,"7":3,"8":0,"9":0,"10":0,"11":0,"12":0,"13":3,"14":2},"f":{"0":3,"1":2,"2":0},"b":{"0":[0]}}
,"C:\\projects\\ntt data\\BC56-FRONTEND-REACT\\src\\hooks\\useJsonFile.ts": {"path":"C:\\projects\\ntt data\\BC56-FRONTEND-REACT\\src\\hooks\\useJsonFile.ts","statementMap":{"0":{"start":{"line":2,"column":0},"end":{"line":2,"column":43}},"1":{"start":{"line":4,"column":20},"end":{"line":13,"column":1}},"2":{"start":{"line":5,"column":28},"end":{"line":5,"column":56}},"3":{"start":{"line":7,"column":4},"end":{"line":10,"column":null}},"4":{"start":{"line":8,"column":8},"end":{"line":8,"column":null}},"5":{"start":{"line":8,"column":18},"end":{"line":8,"column":null}},"6":{"start":{"line":9,"column":8},"end":{"line":9,"column":null}},"7":{"start":{"line":12,"column":4},"end":{"line":12,"column":null}},"8":{"start":{"line":15,"column":0},"end":{"line":15,"column":null}}},"fnMap":{"0":{"name":"(anonymous_0)","decl":{"start":{"line":4,"column":20},"end":{"line":4,"column":21}},"loc":{"start":{"line":4,"column":43},"end":{"line":13,"column":1}}},"1":{"name":"(anonymous_1)","decl":{"start":{"line":7,"column":14},"end":{"line":7,"column":17}},"loc":{"start":{"line":7,"column":19},"end":{"line":10,"column":5}}}},"branchMap":{"0":{"loc":{"start":{"line":8,"column":8},"end":{"line":8,"column":null}},"type":"if","locations":[{"start":{"line":8,"column":8},"end":{"line":8,"column":null}}]}},"s":{"0":1,"1":1,"2":2,"3":2,"4":2,"5":0,"6":2,"7":2,"8":1},"f":{"0":2,"1":2},"b":{"0":[0]}}
,"C:\\projects\\ntt data\\BC56-FRONTEND-REACT\\src\\hooks\\useLocalStorage.ts": {"path":"C:\\projects\\ntt data\\BC56-FRONTEND-REACT\\src\\hooks\\useLocalStorage.ts","statementMap":{"0":{"start":{"line":1,"column":24},"end":{"line":21,"column":1}},"1":{"start":{"line":2,"column":20},"end":{"line":4,"column":5}},"2":{"start":{"line":3,"column":8},"end":{"line":3,"column":null}},"3":{"start":{"line":6,"column":20},"end":{"line":8,"column":5}},"4":{"start":{"line":7,"column":8},"end":{"line":7,"column":null}},"5":{"start":{"line":10,"column":23},"end":{"line":12,"column":5}},"6":{"start":{"line":11,"column":8},"end":{"line":11,"column":null}},"7":{"start":{"line":14,"column":18},"end":{"line":16,"column":5}},"8":{"start":{"line":15,"column":8},"end":{"line":15,"column":null}},"9":{"start":{"line":18,"column":4},"end":{"line":20,"column":null}},"10":{"start":{"line":23,"column":0},"end":{"line":23,"column":null}}},"fnMap":{"0":{"name":"(anonymous_0)","decl":{"start":{"line":1,"column":24},"end":{"line":1,"column":27}},"loc":{"start":{"line":1,"column":29},"end":{"line":21,"column":1}}},"1":{"name":"(anonymous_1)","decl":{"start":{"line":2,"column":20},"end":{"line":2,"column":21}},"loc":{"start":{"line":2,"column":36},"end":{"line":4,"column":5}}},"2":{"name":"(anonymous_2)","decl":{"start":{"line":6,"column":20},"end":{"line":6,"column":21}},"loc":{"start":{"line":6,"column":57},"end":{"line":8,"column":5}}},"3":{"name":"(anonymous_3)","decl":{"start":{"line":10,"column":23},"end":{"line":10,"column":24}},"loc":{"start":{"line":10,"column":45},"end":{"line":12,"column":5}}},"4":{"name":"(anonymous_4)","decl":{"start":{"line":14,"column":18},"end":{"line":14,"column":27}},"loc":{"start":{"line":14,"column":29},"end":{"line":16,"column":5}}}},"branchMap":{},"s":{"0":3,"1":4,"2":5,"3":4,"4":5,"5":4,"6":1,"7":4,"8":1,"9":4,"10":3},"f":{"0":4,"1":5,"2":5,"3":1,"4":1},"b":{}}
,"C:\\projects\\ntt data\\BC56-FRONTEND-REACT\\src\\utils\\validateRegex.ts": {"path":"C:\\projects\\ntt data\\BC56-FRONTEND-REACT\\src\\utils\\validateRegex.ts","statementMap":{"0":{"start":{"line":1,"column":29},"end":{"line":7,"column":1}},"1":{"start":{"line":2,"column":18},"end":{"line":2,"column":46}},"2":{"start":{"line":4,"column":4},"end":{"line":6,"column":5}},"3":{"start":{"line":5,"column":8},"end":{"line":5,"column":null}},"4":{"start":{"line":1,"column":13},"end":{"line":1,"column":29}}},"fnMap":{"0":{"name":"(anonymous_0)","decl":{"start":{"line":1,"column":29},"end":{"line":1,"column":30}},"loc":{"start":{"line":1,"column":67},"end":{"line":7,"column":1}}}},"branchMap":{"0":{"loc":{"start":{"line":4,"column":4},"end":{"line":6,"column":5}},"type":"if","locations":[{"start":{"line":4,"column":4},"end":{"line":6,"column":5}}]}},"s":{"0":1,"1":0,"2":0,"3":0,"4":1},"f":{"0":0},"b":{"0":[0]}}
}
