{"C:\\projects\\ntt data\\BC56-FRONTEND-REACT\\src\\assets\\images\\logo.png": {"path":"C:\\projects\\ntt data\\BC56-FRONTEND-REACT\\src\\assets\\images\\logo.png","statementMap":{"0":{"start":{"line":1,"column":0},"end":{"line":1,"column":19}}},"fnMap":{},"branchMap":{},"s":{"0":1},"f":{},"b":{},"_coverageSchema":"1a1c01bbd47fc00a2c39e90264f33305004495a9","hash":"2bcf73866aa315aa617597a997b9848d3295fbe2"}
,"C:\\projects\\ntt data\\BC56-FRONTEND-REACT\\src\\components\\QuantityOptions\\ProductQuantityButton.tsx": {"path":"C:\\projects\\ntt data\\BC56-FRONTEND-REACT\\src\\components\\QuantityOptions\\ProductQuantityButton.tsx","statementMap":{"0":{"start":{"line":2,"column":0},"end":{"line":2,"column":21}},"1":{"start":{"line":4,"column":0},"end":{"line":4,"column":49}},"2":{"start":{"line":5,"column":0},"end":{"line":5,"column":44}},"3":{"start":{"line":6,"column":0},"end":{"line":6,"column":46}},"4":{"start":{"line":14,"column":30},"end":{"line":29,"column":1}},"5":{"start":{"line":15,"column":44},"end":{"line":15,"column":53}},"6":{"start":{"line":16,"column":4},"end":{"line":28,"column":null}},"7":{"start":{"line":20,"column":73},"end":{"line":20,"column":88}},"8":{"start":{"line":23,"column":73},"end":{"line":23,"column":98}},"9":{"start":{"line":31,"column":0},"end":{"line":31,"column":null}}},"fnMap":{"0":{"name":"(anonymous_1)","decl":{"start":{"line":14,"column":30},"end":{"line":14,"column":31}},"loc":{"start":{"line":14,"column":65},"end":{"line":29,"column":1}}},"1":{"name":"(anonymous_2)","decl":{"start":{"line":20,"column":67},"end":{"line":20,"column":70}},"loc":{"start":{"line":20,"column":73},"end":{"line":20,"column":88}}},"2":{"name":"(anonymous_3)","decl":{"start":{"line":23,"column":67},"end":{"line":23,"column":70}},"loc":{"start":{"line":23,"column":73},"end":{"line":23,"column":98}}}},"branchMap":{"0":{"loc":{"start":{"line":19,"column":16},"end":{"line":24,"column":null}},"type":"cond-expr","locations":[{"start":{"line":20,"column":16},"end":{"line":21,"column":null}},{"start":{"line":23,"column":16},"end":{"line":24,"column":null}}]}},"s":{"0":1,"1":1,"2":1,"3":1,"4":1,"5":0,"6":0,"7":0,"8":0,"9":1},"f":{"0":0,"1":0,"2":0},"b":{"0":[0,0]}}
,"C:\\projects\\ntt data\\BC56-FRONTEND-REACT\\src\\components\\QuantityOptions\\QuantityOptions.tsx": {"path":"C:\\projects\\ntt data\\BC56-FRONTEND-REACT\\src\\components\\QuantityOptions\\QuantityOptions.tsx","statementMap":{"0":{"start":{"line":2,"column":0},"end":{"line":2,"column":59}},"1":{"start":{"line":4,"column":24},"end":{"line":14,"column":1}},"2":{"start":{"line":5,"column":2},"end":{"line":13,"column":null}},"3":{"start":{"line":16,"column":0},"end":{"line":16,"column":null}}},"fnMap":{"0":{"name":"(anonymous_1)","decl":{"start":{"line":4,"column":24},"end":{"line":4,"column":25}},"loc":{"start":{"line":4,"column":57},"end":{"line":14,"column":1}}}},"branchMap":{},"s":{"0":1,"1":1,"2":0,"3":1},"f":{"0":0},"b":{}}
,"C:\\projects\\ntt data\\BC56-FRONTEND-REACT\\src\\components\\cartBar\\CartBar.tsx": {"path":"C:\\projects\\ntt data\\BC56-FRONTEND-REACT\\src\\components\\cartBar\\CartBar.tsx","statementMap":{"0":{"start":{"line":1,"column":0},"end":{"line":1,"column":46}},"1":{"start":{"line":2,"column":0},"end":{"line":2,"column":22}},"2":{"start":{"line":4,"column":0},"end":{"line":4,"column":48}},"3":{"start":{"line":5,"column":0},"end":{"line":5,"column":33}},"4":{"start":{"line":6,"column":0},"end":{"line":6,"column":70}},"5":{"start":{"line":7,"column":0},"end":{"line":7,"column":46}},"6":{"start":{"line":9,"column":16},"end":{"line":45,"column":1}},"7":{"start":{"line":10,"column":37},"end":{"line":10,"column":46}},"8":{"start":{"line":11,"column":21},"end":{"line":11,"column":34}},"9":{"start":{"line":13,"column":4},"end":{"line":44,"column":null}},"10":{"start":{"line":27,"column":24},"end":{"line":27,"column":50}},"11":{"start":{"line":38,"column":62},"end":{"line":38,"column":82}},"12":{"start":{"line":39,"column":62},"end":{"line":39,"column":73}},"13":{"start":{"line":47,"column":0},"end":{"line":47,"column":null}}},"fnMap":{"0":{"name":"(anonymous_1)","decl":{"start":{"line":9,"column":16},"end":{"line":9,"column":17}},"loc":{"start":{"line":9,"column":112},"end":{"line":45,"column":1}}},"1":{"name":"(anonymous_2)","decl":{"start":{"line":26,"column":34},"end":{"line":26,"column":38}},"loc":{"start":{"line":27,"column":24},"end":{"line":27,"column":50}}},"2":{"name":"(anonymous_3)","decl":{"start":{"line":38,"column":56},"end":{"line":38,"column":59}},"loc":{"start":{"line":38,"column":62},"end":{"line":38,"column":82}}},"3":{"name":"(anonymous_4)","decl":{"start":{"line":39,"column":56},"end":{"line":39,"column":59}},"loc":{"start":{"line":39,"column":62},"end":{"line":39,"column":73}}}},"branchMap":{"0":{"loc":{"start":{"line":25,"column":20},"end":{"line":29,"column":38}},"type":"cond-expr","locations":[{"start":{"line":26,"column":20},"end":{"line":28,"column":22}},{"start":{"line":29,"column":20},"end":{"line":29,"column":38}}]},"1":{"loc":{"start":{"line":34,"column":16},"end":{"line":40,"column":null}},"type":"binary-expr","locations":[{"start":{"line":34,"column":16},"end":{"line":34,"column":37}},{"start":{"line":35,"column":16},"end":{"line":40,"column":null}}]}},"s":{"0":1,"1":1,"2":1,"3":1,"4":1,"5":1,"6":1,"7":0,"8":0,"9":0,"10":0,"11":0,"12":0,"13":1},"f":{"0":0,"1":0,"2":0,"3":0},"b":{"0":[0,0],"1":[0,0]}}
,"C:\\projects\\ntt data\\BC56-FRONTEND-REACT\\src\\components\\cartBar\\ItemCard.tsx": {"path":"C:\\projects\\ntt data\\BC56-FRONTEND-REACT\\src\\components\\cartBar\\ItemCard.tsx","statementMap":{"0":{"start":{"line":2,"column":0},"end":{"line":2,"column":49}},"1":{"start":{"line":3,"column":0},"end":{"line":3,"column":73}},"2":{"start":{"line":5,"column":0},"end":{"line":5,"column":46}},"3":{"start":{"line":7,"column":17},"end":{"line":29,"column":1}},"4":{"start":{"line":8,"column":31},"end":{"line":8,"column":40}},"5":{"start":{"line":10,"column":4},"end":{"line":28,"column":null}},"6":{"start":{"line":24,"column":67},"end":{"line":24,"column":91}},"7":{"start":{"line":31,"column":0},"end":{"line":31,"column":null}}},"fnMap":{"0":{"name":"(anonymous_1)","decl":{"start":{"line":7,"column":17},"end":{"line":7,"column":18}},"loc":{"start":{"line":7,"column":50},"end":{"line":29,"column":1}}},"1":{"name":"(anonymous_2)","decl":{"start":{"line":24,"column":59},"end":{"line":24,"column":62}},"loc":{"start":{"line":24,"column":64},"end":{"line":24,"column":92}}}},"branchMap":{},"s":{"0":1,"1":1,"2":1,"3":1,"4":0,"5":0,"6":0,"7":1},"f":{"0":0,"1":0},"b":{}}
,"C:\\projects\\ntt data\\BC56-FRONTEND-REACT\\src\\components\\footer\\Footer.tsx": {"path":"C:\\projects\\ntt data\\BC56-FRONTEND-REACT\\src\\components\\footer\\Footer.tsx","statementMap":{"0":{"start":{"line":2,"column":0},"end":{"line":2,"column":53}},"1":{"start":{"line":3,"column":0},"end":{"line":3,"column":47}},"2":{"start":{"line":4,"column":0},"end":{"line":4,"column":49}},"3":{"start":{"line":5,"column":0},"end":{"line":5,"column":49}},"4":{"start":{"line":7,"column":0},"end":{"line":7,"column":21}},"5":{"start":{"line":9,"column":15},"end":{"line":37,"column":1}},"6":{"start":{"line":10,"column":4},"end":{"line":36,"column":null}},"7":{"start":{"line":39,"column":0},"end":{"line":39,"column":null}}},"fnMap":{"0":{"name":"(anonymous_1)","decl":{"start":{"line":9,"column":15},"end":{"line":9,"column":37}},"loc":{"start":{"line":9,"column":39},"end":{"line":37,"column":1}}}},"branchMap":{},"s":{"0":1,"1":1,"2":1,"3":1,"4":1,"5":1,"6":1,"7":1},"f":{"0":1},"b":{}}
,"C:\\projects\\ntt data\\BC56-FRONTEND-REACT\\src\\components\\header\\Header.tsx": {"path":"C:\\projects\\ntt data\\BC56-FRONTEND-REACT\\src\\components\\header\\Header.tsx","statementMap":{"0":{"start":{"line":1,"column":0},"end":{"line":1,"column":69}},"1":{"start":{"line":2,"column":0},"end":{"line":2,"column":46}},"2":{"start":{"line":4,"column":0},"end":{"line":4,"column":21}},"3":{"start":{"line":6,"column":0},"end":{"line":6,"column":49}},"4":{"start":{"line":8,"column":0},"end":{"line":8,"column":25}},"5":{"start":{"line":10,"column":0},"end":{"line":10,"column":35}},"6":{"start":{"line":11,"column":0},"end":{"line":11,"column":50}},"7":{"start":{"line":12,"column":0},"end":{"line":12,"column":46}},"8":{"start":{"line":13,"column":0},"end":{"line":13,"column":46}},"9":{"start":{"line":22,"column":15},"end":{"line":88,"column":1}},"10":{"start":{"line":23,"column":21},"end":{"line":23,"column":34}},"11":{"start":{"line":24,"column":23},"end":{"line":24,"column":35}},"12":{"start":{"line":26,"column":26},"end":{"line":26,"column":35}},"13":{"start":{"line":28,"column":25},"end":{"line":30,"column":5}},"14":{"start":{"line":29,"column":8},"end":{"line":29,"column":null}},"15":{"start":{"line":32,"column":23},"end":{"line":36,"column":5}},"16":{"start":{"line":33,"column":8},"end":{"line":35,"column":9}},"17":{"start":{"line":34,"column":13},"end":{"line":34,"column":null}},"18":{"start":{"line":38,"column":4},"end":{"line":87,"column":null}},"19":{"start":{"line":50,"column":91},"end":{"line":50,"column":106}},"20":{"start":{"line":56,"column":44},"end":{"line":56,"column":63}},"21":{"start":{"line":78,"column":68},"end":{"line":78,"column":89}},"22":{"start":{"line":90,"column":0},"end":{"line":90,"column":null}}},"fnMap":{"0":{"name":"(anonymous_1)","decl":{"start":{"line":22,"column":15},"end":{"line":22,"column":16}},"loc":{"start":{"line":22,"column":92},"end":{"line":88,"column":1}}},"1":{"name":"(anonymous_2)","decl":{"start":{"line":28,"column":25},"end":{"line":28,"column":26}},"loc":{"start":{"line":28,"column":62},"end":{"line":30,"column":5}}},"2":{"name":"(anonymous_3)","decl":{"start":{"line":32,"column":23},"end":{"line":32,"column":26}},"loc":{"start":{"line":32,"column":28},"end":{"line":36,"column":5}}},"3":{"name":"(anonymous_4)","decl":{"start":{"line":50,"column":84},"end":{"line":50,"column":85}},"loc":{"start":{"line":50,"column":91},"end":{"line":50,"column":106}}},"4":{"name":"(anonymous_5)","decl":{"start":{"line":55,"column":65},"end":{"line":55,"column":66}},"loc":{"start":{"line":56,"column":44},"end":{"line":56,"column":63}}},"5":{"name":"(anonymous_6)","decl":{"start":{"line":78,"column":51},"end":{"line":78,"column":52}},"loc":{"start":{"line":78,"column":68},"end":{"line":78,"column":89}}}},"branchMap":{"0":{"loc":{"start":{"line":29,"column":8},"end":{"line":29,"column":46}},"type":"binary-expr","locations":[{"start":{"line":29,"column":8},"end":{"line":29,"column":17}},{"start":{"line":29,"column":21},"end":{"line":29,"column":46}}]},"1":{"loc":{"start":{"line":33,"column":8},"end":{"line":35,"column":9}},"type":"if","locations":[{"start":{"line":33,"column":8},"end":{"line":35,"column":9}}]},"2":{"loc":{"start":{"line":47,"column":24},"end":{"line":64,"column":null}},"type":"binary-expr","locations":[{"start":{"line":47,"column":24},"end":{"line":47,"column":48}},{"start":{"line":48,"column":24},"end":{"line":64,"column":null}}]},"3":{"loc":{"start":{"line":55,"column":40},"end":{"line":57,"column":42}},"type":"binary-expr","locations":[{"start":{"line":55,"column":40},"end":{"line":55,"column":48}},{"start":{"line":55,"column":52},"end":{"line":57,"column":42}}]}},"s":{"0":1,"1":1,"2":1,"3":1,"4":1,"5":1,"6":1,"7":1,"8":1,"9":1,"10":4,"11":0,"12":0,"13":0,"14":0,"15":0,"16":0,"17":0,"18":0,"19":0,"20":0,"21":0,"22":1},"f":{"0":4,"1":0,"2":0,"3":0,"4":0,"5":0},"b":{"0":[0,0],"1":[0],"2":[0,0],"3":[0,0]}}
,"C:\\projects\\ntt data\\BC56-FRONTEND-REACT\\src\\components\\header\\User.tsx": {"path":"C:\\projects\\ntt data\\BC56-FRONTEND-REACT\\src\\components\\header\\User.tsx","statementMap":{"0":{"start":{"line":1,"column":0},"end":{"line":1,"column":30}},"1":{"start":{"line":2,"column":0},"end":{"line":2,"column":46}},"2":{"start":{"line":4,"column":0},"end":{"line":4,"column":48}},"3":{"start":{"line":6,"column":13},"end":{"line":25,"column":1}},"4":{"start":{"line":7,"column":23},"end":{"line":7,"column":37}},"5":{"start":{"line":9,"column":27},"end":{"line":9,"column":39}},"6":{"start":{"line":11,"column":40},"end":{"line":15,"column":5}},"7":{"start":{"line":12,"column":8},"end":{"line":14,"column":9}},"8":{"start":{"line":13,"column":13},"end":{"line":13,"column":null}},"9":{"start":{"line":17,"column":4},"end":{"line":24,"column":null}},"10":{"start":{"line":27,"column":0},"end":{"line":27,"column":null}}},"fnMap":{"0":{"name":"(anonymous_1)","decl":{"start":{"line":6,"column":13},"end":{"line":6,"column":16}},"loc":{"start":{"line":6,"column":18},"end":{"line":25,"column":1}}},"1":{"name":"(anonymous_2)","decl":{"start":{"line":11,"column":40},"end":{"line":11,"column":43}},"loc":{"start":{"line":11,"column":45},"end":{"line":15,"column":5}}}},"branchMap":{"0":{"loc":{"start":{"line":12,"column":8},"end":{"line":14,"column":9}},"type":"if","locations":[{"start":{"line":12,"column":8},"end":{"line":14,"column":9}}]}},"s":{"0":1,"1":1,"2":1,"3":1,"4":0,"5":0,"6":0,"7":0,"8":0,"9":0,"10":1},"f":{"0":0,"1":0},"b":{"0":[0]}}
,"C:\\projects\\ntt data\\BC56-FRONTEND-REACT\\src\\components\\noCartProducts\\NoCartProducts.tsx": {"path":"C:\\projects\\ntt data\\BC56-FRONTEND-REACT\\src\\components\\noCartProducts\\NoCartProducts.tsx","statementMap":{"0":{"start":{"line":1,"column":23},"end":{"line":5,"column":1}},"1":{"start":{"line":2,"column":2},"end":{"line":4,"column":null}},"2":{"start":{"line":7,"column":0},"end":{"line":7,"column":null}}},"fnMap":{"0":{"name":"(anonymous_0)","decl":{"start":{"line":1,"column":23},"end":{"line":1,"column":26}},"loc":{"start":{"line":1,"column":28},"end":{"line":5,"column":1}}}},"branchMap":{},"s":{"0":1,"1":0,"2":1},"f":{"0":0},"b":{}}
,"C:\\projects\\ntt data\\BC56-FRONTEND-REACT\\src\\context\\CartContext.tsx": {"path":"C:\\projects\\ntt data\\BC56-FRONTEND-REACT\\src\\context\\CartContext.tsx","statementMap":{"0":{"start":{"line":3,"column":0},"end":{"line":3,"column":81}},"1":{"start":{"line":15,"column":20},"end":{"line":15,"column":63}},"2":{"start":{"line":17,"column":23},"end":{"line":23,"column":1}},"3":{"start":{"line":18,"column":20},"end":{"line":18,"column":43}},"4":{"start":{"line":19,"column":4},"end":{"line":21,"column":5}},"5":{"start":{"line":20,"column":8},"end":{"line":20,"column":null}},"6":{"start":{"line":22,"column":4},"end":{"line":22,"column":null}},"7":{"start":{"line":17,"column":13},"end":{"line":17,"column":23}},"8":{"start":{"line":25,"column":28},"end":{"line":85,"column":1}},"9":{"start":{"line":26,"column":38},"end":{"line":26,"column":62}},"10":{"start":{"line":27,"column":39},"end":{"line":27,"column":50}},"11":{"start":{"line":29,"column":4},"end":{"line":35,"column":null}},"12":{"start":{"line":30,"column":8},"end":{"line":30,"column":null}},"13":{"start":{"line":32,"column":8},"end":{"line":34,"column":null}},"14":{"start":{"line":33,"column":12},"end":{"line":33,"column":null}},"15":{"start":{"line":33,"column":39},"end":{"line":33,"column":80}},"16":{"start":{"line":37,"column":22},"end":{"line":51,"column":5}},"17":{"start":{"line":38,"column":8},"end":{"line":50,"column":null}},"18":{"start":{"line":39,"column":36},"end":{"line":39,"column":82}},"19":{"start":{"line":39,"column":59},"end":{"line":39,"column":81}},"20":{"start":{"line":41,"column":12},"end":{"line":49,"column":13}},"21":{"start":{"line":42,"column":16},"end":{"line":46,"column":null}},"22":{"start":{"line":43,"column":20},"end":{"line":45,"column":30}},"23":{"start":{"line":48,"column":16},"end":{"line":48,"column":null}},"24":{"start":{"line":53,"column":29},"end":{"line":70,"column":5}},"25":{"start":{"line":54,"column":8},"end":{"line":69,"column":null}},"26":{"start":{"line":55,"column":36},"end":{"line":55,"column":81}},"27":{"start":{"line":55,"column":59},"end":{"line":55,"column":80}},"28":{"start":{"line":57,"column":12},"end":{"line":67,"column":13}},"29":{"start":{"line":58,"column":16},"end":{"line":66,"column":17}},"30":{"start":{"line":59,"column":20},"end":{"line":63,"column":null}},"31":{"start":{"line":60,"column":24},"end":{"line":62,"column":34}},"32":{"start":{"line":65,"column":20},"end":{"line":65,"column":null}},"33":{"start":{"line":65,"column":52},"end":{"line":65,"column":73}},"34":{"start":{"line":68,"column":12},"end":{"line":68,"column":null}},"35":{"start":{"line":72,"column":22},"end":{"line":74,"column":5}},"36":{"start":{"line":73,"column":8},"end":{"line":73,"column":null}},"37":{"start":{"line":76,"column":27},"end":{"line":78,"column":5}},"38":{"start":{"line":77,"column":8},"end":{"line":77,"column":83}},"39":{"start":{"line":77,"column":34},"end":{"line":77,"column":81}},"40":{"start":{"line":77,"column":59},"end":{"line":77,"column":80}},"41":{"start":{"line":80,"column":4},"end":{"line":84,"column":null}},"42":{"start":{"line":25,"column":13},"end":{"line":25,"column":28}}},"fnMap":{"0":{"name":"(anonymous_0)","decl":{"start":{"line":17,"column":23},"end":{"line":17,"column":43}},"loc":{"start":{"line":17,"column":45},"end":{"line":23,"column":1}}},"1":{"name":"(anonymous_1)","decl":{"start":{"line":25,"column":28},"end":{"line":25,"column":29}},"loc":{"start":{"line":25,"column":89},"end":{"line":85,"column":1}}},"2":{"name":"(anonymous_2)","decl":{"start":{"line":29,"column":14},"end":{"line":29,"column":17}},"loc":{"start":{"line":29,"column":19},"end":{"line":35,"column":5}}},"3":{"name":"(anonymous_3)","decl":{"start":{"line":32,"column":26},"end":{"line":32,"column":30}},"loc":{"start":{"line":32,"column":33},"end":{"line":34,"column":9}}},"4":{"name":"(anonymous_4)","decl":{"start":{"line":33,"column":26},"end":{"line":33,"column":35}},"loc":{"start":{"line":33,"column":39},"end":{"line":33,"column":80}}},"5":{"name":"(anonymous_5)","decl":{"start":{"line":37,"column":22},"end":{"line":37,"column":23}},"loc":{"start":{"line":37,"column":43},"end":{"line":51,"column":5}}},"6":{"name":"(anonymous_6)","decl":{"start":{"line":38,"column":21},"end":{"line":38,"column":30}},"loc":{"start":{"line":38,"column":33},"end":{"line":50,"column":9}}},"7":{"name":"(anonymous_7)","decl":{"start":{"line":39,"column":51},"end":{"line":39,"column":55}},"loc":{"start":{"line":39,"column":59},"end":{"line":39,"column":81}}},"8":{"name":"(anonymous_8)","decl":{"start":{"line":42,"column":37},"end":{"line":42,"column":41}},"loc":{"start":{"line":43,"column":20},"end":{"line":45,"column":30}}},"9":{"name":"(anonymous_9)","decl":{"start":{"line":53,"column":29},"end":{"line":53,"column":30}},"loc":{"start":{"line":53,"column":51},"end":{"line":70,"column":5}}},"10":{"name":"(anonymous_10)","decl":{"start":{"line":54,"column":21},"end":{"line":54,"column":30}},"loc":{"start":{"line":54,"column":33},"end":{"line":69,"column":9}}},"11":{"name":"(anonymous_11)","decl":{"start":{"line":55,"column":51},"end":{"line":55,"column":55}},"loc":{"start":{"line":55,"column":59},"end":{"line":55,"column":80}}},"12":{"name":"(anonymous_12)","decl":{"start":{"line":59,"column":41},"end":{"line":59,"column":45}},"loc":{"start":{"line":60,"column":24},"end":{"line":62,"column":34}}},"13":{"name":"(anonymous_13)","decl":{"start":{"line":65,"column":44},"end":{"line":65,"column":48}},"loc":{"start":{"line":65,"column":52},"end":{"line":65,"column":73}}},"14":{"name":"(anonymous_14)","decl":{"start":{"line":72,"column":22},"end":{"line":72,"column":25}},"loc":{"start":{"line":72,"column":27},"end":{"line":74,"column":5}}},"15":{"name":"(anonymous_15)","decl":{"start":{"line":76,"column":27},"end":{"line":76,"column":28}},"loc":{"start":{"line":76,"column":49},"end":{"line":78,"column":5}}},"16":{"name":"(anonymous_16)","decl":{"start":{"line":77,"column":21},"end":{"line":77,"column":30}},"loc":{"start":{"line":77,"column":34},"end":{"line":77,"column":81}}},"17":{"name":"(anonymous_17)","decl":{"start":{"line":77,"column":51},"end":{"line":77,"column":55}},"loc":{"start":{"line":77,"column":59},"end":{"line":77,"column":80}}}},"branchMap":{"0":{"loc":{"start":{"line":19,"column":4},"end":{"line":21,"column":5}},"type":"if","locations":[{"start":{"line":19,"column":4},"end":{"line":21,"column":5}}]},"1":{"loc":{"start":{"line":41,"column":12},"end":{"line":49,"column":13}},"type":"if","locations":[{"start":{"line":41,"column":12},"end":{"line":49,"column":13}},{"start":{"line":47,"column":19},"end":{"line":49,"column":13}}]},"2":{"loc":{"start":{"line":43,"column":20},"end":{"line":45,"column":30}},"type":"cond-expr","locations":[{"start":{"line":44,"column":26},"end":{"line":44,"column":66}},{"start":{"line":45,"column":26},"end":{"line":45,"column":30}}]},"3":{"loc":{"start":{"line":57,"column":12},"end":{"line":67,"column":13}},"type":"if","locations":[{"start":{"line":57,"column":12},"end":{"line":67,"column":13}}]},"4":{"loc":{"start":{"line":58,"column":16},"end":{"line":66,"column":17}},"type":"if","locations":[{"start":{"line":58,"column":16},"end":{"line":66,"column":17}},{"start":{"line":64,"column":23},"end":{"line":66,"column":17}}]},"5":{"loc":{"start":{"line":60,"column":24},"end":{"line":62,"column":34}},"type":"cond-expr","locations":[{"start":{"line":61,"column":30},"end":{"line":61,"column":70}},{"start":{"line":62,"column":30},"end":{"line":62,"column":34}}]}},"s":{"0":1,"1":1,"2":1,"3":0,"4":0,"5":0,"6":0,"7":1,"8":1,"9":0,"10":0,"11":0,"12":0,"13":0,"14":0,"15":0,"16":0,"17":0,"18":0,"19":0,"20":0,"21":0,"22":0,"23":0,"24":0,"25":0,"26":0,"27":0,"28":0,"29":0,"30":0,"31":0,"32":0,"33":0,"34":0,"35":0,"36":0,"37":0,"38":0,"39":0,"40":0,"41":0,"42":1},"f":{"0":0,"1":0,"2":0,"3":0,"4":0,"5":0,"6":0,"7":0,"8":0,"9":0,"10":0,"11":0,"12":0,"13":0,"14":0,"15":0,"16":0,"17":0},"b":{"0":[0],"1":[0,0],"2":[0,0],"3":[0],"4":[0,0],"5":[0,0]}}
,"C:\\projects\\ntt data\\BC56-FRONTEND-REACT\\src\\declarations\\ApiEndpoints.ts": {"path":"C:\\projects\\ntt data\\BC56-FRONTEND-REACT\\src\\declarations\\ApiEndpoints.ts","statementMap":{"0":{"start":{"line":1,"column":0},"end":{"line":1,"column":null}},"1":{"start":{"line":2,"column":4},"end":{"line":2,"column":null}},"2":{"start":{"line":3,"column":4},"end":{"line":3,"column":null}},"3":{"start":{"line":4,"column":4},"end":{"line":4,"column":null}},"4":{"start":{"line":5,"column":4},"end":{"line":5,"column":null}}},"fnMap":{"0":{"name":"(anonymous_0)","decl":{"start":{"line":1,"column":0},"end":{"line":1,"column":12}},"loc":{"start":{"line":1,"column":24},"end":{"line":6,"column":1}}}},"branchMap":{"0":{"loc":{"start":{"line":1,"column":12},"end":{"line":1,"column":null}},"type":"binary-expr","locations":[{"start":{"line":1,"column":12},"end":{"line":1,"column":24}},{"start":{"line":1,"column":24},"end":{"line":1,"column":null}}]}},"s":{"0":1,"1":1,"2":1,"3":1,"4":1},"f":{"0":1},"b":{"0":[1,1]}}
,"C:\\projects\\ntt data\\BC56-FRONTEND-REACT\\src\\declarations\\ErrorMessages.ts": {"path":"C:\\projects\\ntt data\\BC56-FRONTEND-REACT\\src\\declarations\\ErrorMessages.ts","statementMap":{"0":{"start":{"line":1,"column":0},"end":{"line":1,"column":null}},"1":{"start":{"line":2,"column":4},"end":{"line":2,"column":null}},"2":{"start":{"line":3,"column":4},"end":{"line":3,"column":null}},"3":{"start":{"line":4,"column":4},"end":{"line":4,"column":null}}},"fnMap":{"0":{"name":"(anonymous_0)","decl":{"start":{"line":1,"column":0},"end":{"line":1,"column":12}},"loc":{"start":{"line":1,"column":25},"end":{"line":5,"column":1}}}},"branchMap":{"0":{"loc":{"start":{"line":1,"column":12},"end":{"line":1,"column":null}},"type":"binary-expr","locations":[{"start":{"line":1,"column":12},"end":{"line":1,"column":25}},{"start":{"line":1,"column":25},"end":{"line":1,"column":null}}]}},"s":{"0":1,"1":1,"2":1,"3":1},"f":{"0":1},"b":{"0":[1,1]}}
,"C:\\projects\\ntt data\\BC56-FRONTEND-REACT\\src\\hooks\\useDummyjson.ts": {"path":"C:\\projects\\ntt data\\BC56-FRONTEND-REACT\\src\\hooks\\useDummyjson.ts","statementMap":{"0":{"start":{"line":1,"column":0},"end":{"line":1,"column":52}},"1":{"start":{"line":2,"column":0},"end":{"line":2,"column":46}},"2":{"start":{"line":4,"column":0},"end":{"line":4,"column":47}},"3":{"start":{"line":5,"column":0},"end":{"line":5,"column":33}},"4":{"start":{"line":6,"column":0},"end":{"line":6,"column":57}},"5":{"start":{"line":11,"column":21},"end":{"line":51,"column":1}},"6":{"start":{"line":12,"column":26},"end":{"line":12,"column":36}},"7":{"start":{"line":13,"column":27},"end":{"line":13,"column":44}},"8":{"start":{"line":14,"column":22},"end":{"line":14,"column":35}},"9":{"start":{"line":16,"column":18},"end":{"line":19,"column":5}},"10":{"start":{"line":17,"column":36},"end":{"line":17,"column":72}},"11":{"start":{"line":18,"column":8},"end":{"line":18,"column":null}},"12":{"start":{"line":21,"column":19},"end":{"line":26,"column":5}},"13":{"start":{"line":22,"column":8},"end":{"line":22,"column":null}},"14":{"start":{"line":23,"column":8},"end":{"line":25,"column":null}},"15":{"start":{"line":24,"column":12},"end":{"line":24,"column":null}},"16":{"start":{"line":28,"column":24},"end":{"line":31,"column":10}},"17":{"start":{"line":29,"column":29},"end":{"line":29,"column":61}},"18":{"start":{"line":30,"column":8},"end":{"line":30,"column":null}},"19":{"start":{"line":33,"column":27},"end":{"line":36,"column":10}},"20":{"start":{"line":34,"column":24},"end":{"line":34,"column":67}},"21":{"start":{"line":35,"column":8},"end":{"line":35,"column":null}},"22":{"start":{"line":38,"column":26},"end":{"line":41,"column":10}},"23":{"start":{"line":39,"column":27},"end":{"line":39,"column":61}},"24":{"start":{"line":40,"column":8},"end":{"line":40,"column":null}},"25":{"start":{"line":43,"column":34},"end":{"line":46,"column":10}},"26":{"start":{"line":44,"column":25},"end":{"line":44,"column":82}},"27":{"start":{"line":45,"column":8},"end":{"line":45,"column":null}},"28":{"start":{"line":48,"column":4},"end":{"line":50,"column":null}},"29":{"start":{"line":53,"column":0},"end":{"line":53,"column":null}}},"fnMap":{"0":{"name":"(anonymous_1)","decl":{"start":{"line":11,"column":21},"end":{"line":11,"column":24}},"loc":{"start":{"line":11,"column":26},"end":{"line":51,"column":1}}},"1":{"name":"(anonymous_2)","decl":{"start":{"line":16,"column":18},"end":{"line":16,"column":23}},"loc":{"start":{"line":16,"column":41},"end":{"line":19,"column":5}}},"2":{"name":"(anonymous_3)","decl":{"start":{"line":21,"column":19},"end":{"line":21,"column":22}},"loc":{"start":{"line":21,"column":24},"end":{"line":26,"column":5}}},"3":{"name":"(anonymous_4)","decl":{"start":{"line":23,"column":24},"end":{"line":23,"column":27}},"loc":{"start":{"line":23,"column":29},"end":{"line":25,"column":9}}},"4":{"name":"(anonymous_5)","decl":{"start":{"line":28,"column":36},"end":{"line":28,"column":41}},"loc":{"start":{"line":28,"column":73},"end":{"line":31,"column":5}}},"5":{"name":"(anonymous_6)","decl":{"start":{"line":33,"column":39},"end":{"line":33,"column":44}},"loc":{"start":{"line":33,"column":78},"end":{"line":36,"column":5}}},"6":{"name":"(anonymous_7)","decl":{"start":{"line":38,"column":38},"end":{"line":38,"column":43}},"loc":{"start":{"line":38,"column":70},"end":{"line":41,"column":5}}},"7":{"name":"(anonymous_8)","decl":{"start":{"line":43,"column":46},"end":{"line":43,"column":51}},"loc":{"start":{"line":43,"column":95},"end":{"line":46,"column":5}}}},"branchMap":{},"s":{"0":1,"1":1,"2":1,"3":1,"4":1,"5":1,"6":0,"7":0,"8":0,"9":0,"10":0,"11":0,"12":0,"13":0,"14":0,"15":0,"16":0,"17":0,"18":0,"19":0,"20":0,"21":0,"22":0,"23":0,"24":0,"25":0,"26":0,"27":0,"28":0,"29":1},"f":{"0":0,"1":0,"2":0,"3":0,"4":0,"5":0,"6":0,"7":0},"b":{}}
,"C:\\projects\\ntt data\\BC56-FRONTEND-REACT\\src\\hooks\\useFetch.ts": {"path":"C:\\projects\\ntt data\\BC56-FRONTEND-REACT\\src\\hooks\\useFetch.ts","statementMap":{"0":{"start":{"line":1,"column":0},"end":{"line":1,"column":59}},"1":{"start":{"line":2,"column":0},"end":{"line":2,"column":35}},"2":{"start":{"line":4,"column":17},"end":{"line":30,"column":1}},"3":{"start":{"line":5,"column":16},"end":{"line":12,"column":10}},"4":{"start":{"line":6,"column":23},"end":{"line":6,"column":44}},"5":{"start":{"line":7,"column":8},"end":{"line":7,"column":null}},"6":{"start":{"line":7,"column":23},"end":{"line":7,"column":null}},"7":{"start":{"line":9,"column":21},"end":{"line":9,"column":40}},"8":{"start":{"line":11,"column":8},"end":{"line":11,"column":null}},"9":{"start":{"line":14,"column":17},"end":{"line":25,"column":5}},"10":{"start":{"line":15,"column":20},"end":{"line":19,"column":10}},"11":{"start":{"line":21,"column":8},"end":{"line":21,"column":null}},"12":{"start":{"line":21,"column":20},"end":{"line":21,"column":null}},"13":{"start":{"line":23,"column":21},"end":{"line":23,"column":37}},"14":{"start":{"line":24,"column":8},"end":{"line":24,"column":null}},"15":{"start":{"line":27,"column":4},"end":{"line":29,"column":null}},"16":{"start":{"line":32,"column":0},"end":{"line":32,"column":null}}},"fnMap":{"0":{"name":"(anonymous_0)","decl":{"start":{"line":4,"column":17},"end":{"line":4,"column":20}},"loc":{"start":{"line":4,"column":22},"end":{"line":30,"column":1}}},"1":{"name":"(anonymous_1)","decl":{"start":{"line":5,"column":28},"end":{"line":5,"column":33}},"loc":{"start":{"line":5,"column":55},"end":{"line":12,"column":5}}},"2":{"name":"(anonymous_2)","decl":{"start":{"line":14,"column":17},"end":{"line":14,"column":22}},"loc":{"start":{"line":14,"column":58},"end":{"line":25,"column":5}}}},"branchMap":{"0":{"loc":{"start":{"line":7,"column":8},"end":{"line":7,"column":null}},"type":"if","locations":[{"start":{"line":7,"column":8},"end":{"line":7,"column":null}}]},"1":{"loc":{"start":{"line":21,"column":8},"end":{"line":21,"column":null}},"type":"if","locations":[{"start":{"line":21,"column":8},"end":{"line":21,"column":null}}]}},"s":{"0":1,"1":1,"2":1,"3":0,"4":0,"5":0,"6":0,"7":0,"8":0,"9":0,"10":0,"11":0,"12":0,"13":0,"14":0,"15":0,"16":1},"f":{"0":0,"1":0,"2":0},"b":{"0":[0],"1":[0]}}
,"C:\\projects\\ntt data\\BC56-FRONTEND-REACT\\src\\hooks\\useLocalStorage.ts": {"path":"C:\\projects\\ntt data\\BC56-FRONTEND-REACT\\src\\hooks\\useLocalStorage.ts","statementMap":{"0":{"start":{"line":1,"column":24},"end":{"line":21,"column":1}},"1":{"start":{"line":2,"column":20},"end":{"line":4,"column":5}},"2":{"start":{"line":3,"column":8},"end":{"line":3,"column":null}},"3":{"start":{"line":6,"column":20},"end":{"line":8,"column":5}},"4":{"start":{"line":7,"column":8},"end":{"line":7,"column":null}},"5":{"start":{"line":10,"column":23},"end":{"line":12,"column":5}},"6":{"start":{"line":11,"column":8},"end":{"line":11,"column":null}},"7":{"start":{"line":14,"column":18},"end":{"line":16,"column":5}},"8":{"start":{"line":15,"column":8},"end":{"line":15,"column":null}},"9":{"start":{"line":18,"column":4},"end":{"line":20,"column":null}},"10":{"start":{"line":23,"column":0},"end":{"line":23,"column":null}}},"fnMap":{"0":{"name":"(anonymous_0)","decl":{"start":{"line":1,"column":24},"end":{"line":1,"column":27}},"loc":{"start":{"line":1,"column":29},"end":{"line":21,"column":1}}},"1":{"name":"(anonymous_1)","decl":{"start":{"line":2,"column":20},"end":{"line":2,"column":21}},"loc":{"start":{"line":2,"column":36},"end":{"line":4,"column":5}}},"2":{"name":"(anonymous_2)","decl":{"start":{"line":6,"column":20},"end":{"line":6,"column":21}},"loc":{"start":{"line":6,"column":57},"end":{"line":8,"column":5}}},"3":{"name":"(anonymous_3)","decl":{"start":{"line":10,"column":23},"end":{"line":10,"column":24}},"loc":{"start":{"line":10,"column":45},"end":{"line":12,"column":5}}},"4":{"name":"(anonymous_4)","decl":{"start":{"line":14,"column":18},"end":{"line":14,"column":27}},"loc":{"start":{"line":14,"column":29},"end":{"line":16,"column":5}}}},"branchMap":{},"s":{"0":1,"1":0,"2":0,"3":0,"4":0,"5":0,"6":0,"7":0,"8":0,"9":0,"10":1},"f":{"0":0,"1":0,"2":0,"3":0,"4":0},"b":{}}
}
